16:04:56: Creating resource group General
16:04:56: Creating resource group Internal
16:04:56: Creating resource group Autodetect
16:04:56: Registering ResourceManager for type Mesh
16:04:56: Registering ResourceManager for type Material
16:04:56: Registering ResourceManager for type Skeleton
16:04:56: XMLMeshSerializer reading mesh data from d:\alex\projects\c++\void_shadows\media\Circle.002.mesh.xml...
16:04:56: Reading submeshes...
16:04:56: Reading geometry...
16:04:56: Geometry done...
16:04:56: Submeshes done.
16:04:56: XMLMeshSerializer import successful.
16:04:56: Reorganising vertex buffers to automatic layout...
16:04:56: MeshSerializer writing mesh data to stream ...
16:04:56: File header written.
16:04:56: Writing mesh data...
16:04:56: Writing submesh...
16:04:56: Exporting submesh texture aliases...
16:04:56: Submesh texture aliases exported.
16:04:56: Submesh exported.
16:04:56: Exporting bounds information....
16:04:56: Bounds information exported.
16:04:56: Exporting submesh name table...
16:04:56: Submesh name table exported.
16:04:56: Exporting edge lists...
16:04:56: Edge lists exported
16:04:56: Mesh data exported.
16:04:56: MeshSerializer export successful.
16:04:56: Unregistering ResourceManager for type Skeleton
16:04:56: Unregistering ResourceManager for type Material
16:04:56: Unregistering ResourceManager for type Mesh
