Log started: 5/22/2014 2:32:13 PM
Info: Powered by NeoAxis 3D Engine
Info: Operating System: Microsoft Windows 6.1.7601.65536 (32-bit)
Info: Runtime Framework: Net 4.0.30319.18444
Info: NeoAxis 3D Engine version: 2.1
Info: Engine SDK: Free SDK
Info: Engine 32-bit version
Info: Application type: ResourceEditor
Info: Physics system is initialized (Driver: NVIDIA PhysX 3.2.1)
Info: OGRE: Added resource location 'C:\Users\Wieland.Laptop\Desktop\GameLab SVN\Projekt\Bin\Data' of type 'VirtualFileSystem' to resource group 'General' with recursive option
Info: OGRE: Loading library RenderSystem_Direct3D9.dll
Info: OGRE: Installing plugin: D3D9 RenderSystem
Info: OGRE: D3D9 : Direct3D9 Rendering Subsystem created.
Info: OGRE: D3D9: Driver Detection Starts
Info: OGRE: D3D9: Driver: \\.\DISPLAY1; Mobile Intel(R) 945 Express Chipset Family
Info: OGRE: D3D9: Driver Detection Ends
Info: OGRE: Plugin successfully installed
Info: OGRE: CPU Identifier & Features
Info: OGRE: -------------------------
Info: OGRE:  *   CPU ID: GenuineIntel: Genuine Intel(R) CPU           T2130  @ 1.86GHz
Info: OGRE:  *      SSE: yes
Info: OGRE:  *     SSE2: yes
Info: OGRE:  *     SSE3: yes
Info: OGRE:  *      MMX: yes
Info: OGRE:  *   MMXEXT: yes
Info: OGRE:  *    3DNOW: no
Info: OGRE:  * 3DNOWEXT: no
Info: OGRE:  *     CMOV: yes
Info: OGRE:  *      TSC: yes
Info: OGRE:  *      FPU: yes
Info: OGRE:  *      PRO: yes
Info: OGRE:  *       HT: no
Info: OGRE: -------------------------
Info: OGRE: D3D9 : Subsystem Initialising
Info: OGRE: Driver name: igdumd32.dll
Info: OGRE: Driver description: Mobile Intel(R) 945 Express Chipset Family
Info: OGRE: ***************************************
Info: OGRE: *** D3D9 : Subsystem Initialised OK ***
Info: OGRE: ***************************************
Info: OGRE: D3D9RenderSystem::_createRenderWindow "MainWindow", 640x480 windowed  miscParams: colourDepth=32 externalWindowHandle=459234 vsync=true 
Info: OGRE: D3D9 : Created D3D9 Rendering Window 'MainWindow' : 10x10, 32bpp
Info: OGRE: Registering ResourceManager for type Texture
Info: OGRE: Registering ResourceManager for type GpuProgram
Info: OGRE: RenderSystem capabilities
Info: OGRE: -------------------------
Info: OGRE: RenderSystem Name: Direct3D9 Rendering Subsystem
Info: OGRE: GPU Vendor: intel
Info: OGRE: Device Name: Mobile Intel(R) 945 Express Chipset Family
Info: OGRE: Driver Version: 8.14.10.1930
Info: OGRE:  * Fixed function pipeline: yes
Info: OGRE:  * Hardware generation of mipmaps: yes
Info: OGRE:  * Texture blending: yes
Info: OGRE:  * Anisotropic texture filtering: yes
Info: OGRE:  * Dot product texture operation: yes
Info: OGRE:  * Cube mapping: yes
Info: OGRE:  * Hardware stencil buffer: yes
Info: OGRE:    - Stencil depth: 8
Info: OGRE:    - Two sided stencil support: yes
Info: OGRE:    - Wrap stencil values: yes
Info: OGRE:  * Hardware vertex / index buffers: yes
Info: OGRE:  * Vertex programs: yes
Info: OGRE:  * Number of floating-point constants for vertex programs: 8192
Info: OGRE:  * Number of integer constants for vertex programs: 16
Info: OGRE:  * Number of boolean constants for vertex programs: 16
Info: OGRE:  * Fragment programs: yes
Info: OGRE:  * Number of floating-point constants for fragment programs: 32
Info: OGRE:  * Number of integer constants for fragment programs: 16
Info: OGRE:  * Number of boolean constants for fragment programs: 16
Info: OGRE:  * Geometry programs: no
Info: OGRE:  * Number of floating-point constants for geometry programs: 0
Info: OGRE:  * Number of integer constants for geometry programs: 0
Info: OGRE:  * Number of boolean constants for geometry programs: 0
Info: OGRE:  * Supported Shader Profiles: hlsl ps_1_1 ps_1_2 ps_1_3 ps_1_4 ps_2_0 vs_1_1 vs_2_0 vs_2_a vs_2_x vs_3_0
Info: OGRE:  * Texture Compression: yes
Info: OGRE:    - DXT: yes
Info: OGRE:    - VTC: no
Info: OGRE:    - PVRTC: no
Info: OGRE:    - 3Dc: no
Info: OGRE:  * Scissor Rectangle: yes
Info: OGRE:  * Hardware Occlusion Query: no
Info: OGRE:  * User clip planes: yes
Info: OGRE:  * VET_UBYTE4 vertex element type: yes
Info: OGRE:  * Infinite far plane projection: yes
Info: OGRE:  * Hardware render-to-texture: yes
Info: OGRE:  * Floating point textures: no
Info: OGRE:  * Non-power-of-two textures: yes (limited)
Info: OGRE:  * Volume textures: yes
Info: OGRE:  * Multiple Render Targets: 1
Info: OGRE:    - With different bit depths: no
Info: OGRE:  * Point Sprites: yes
Info: OGRE:  * Extended point parameters: yes
Info: OGRE:  * Max Point Size: 256
Info: OGRE:  * Vertex texture fetch: no
Info: OGRE:  * Number of world matrices: 0
Info: OGRE:  * Number of texture units: 8
Info: OGRE:  * Stencil buffer depth: 8
Info: OGRE:  * Number of vertex blend matrices: 0
Info: OGRE:  * Render to Vertex Buffer: no
Info: OGRE:  * Alpha to coverage: no
Info: OGRE:  * Fetch4: no
Info: OGRE:  * Hardware Instancing: yes
Info: OGRE:  * Depth Buffer As Texture (INTZ): no
Info: OGRE:  * DirectX per stage constants: yes
Info: OGRE:  * Max texture size: 2048
Info: OGRE: DefaultWorkQueue('Root') initialising on thread main.
Info: OGRE: Particle Renderer Type 'billboard' registered
Info: Renderer: GPU description: Mobile Intel(R) 945 Express Chipset Family
Info: Renderer: GPU codename: Intel_Unknown
Info: Renderer: Shader Model 3.0: no
Info: 2D texture render target pixel formats: R5G6B5 A4R4G4B4 A1R5G5B5 A8R8G8B8 A2R10G10B10 X8R8G8B8
Info: OGRE: Parsing scripts for resource group General
Info: OGRE: Parsing script Base\Shaders\AmbientOneTexture.program
Info: OGRE: Parsing script Base\Shaders\StdQuad_vp.program
Info: OGRE: Parsing script Base\FullScreenEffects\_ShowDepth\ShowDepth.material
Info: OGRE: Parsing script Base\FullScreenEffects\Blur\Blur.material
Info: OGRE: Parsing script Base\FullScreenEffects\ColorCorrection\ColorCorrection.material
Info: OGRE: Parsing script Base\FullScreenEffects\DepthOfField\DepthOfField_AutoFocusBegin.material
Info: OGRE: Parsing script Base\FullScreenEffects\DepthOfField\DepthOfField_AutoFocusCurrent.material
Info: OGRE: Parsing script Base\FullScreenEffects\DepthOfField\DepthOfField_AutoFocusFinal.material
Info: OGRE: Parsing script Base\FullScreenEffects\DepthOfField\DepthOfField_AutoFocusIteration.material
Info: OGRE: Parsing script Base\FullScreenEffects\DepthOfField\DepthOfField_Blur.material
Info: OGRE: Parsing script Base\FullScreenEffects\DepthOfField\DepthOfField_Downscale.material
Info: OGRE: Parsing script Base\FullScreenEffects\DepthOfField\DepthOfField_Final.material
Info: OGRE: Parsing script Base\FullScreenEffects\FXAA\FXAA_Final.material
Info: OGRE: Parsing script Base\FullScreenEffects\FXAA\FXAA_Luma.material
Info: OGRE: Parsing script Base\FullScreenEffects\Glass\Glass.material
Info: OGRE: Parsing script Base\FullScreenEffects\Grayscale\Grayscale.material
Info: OGRE: Parsing script Base\FullScreenEffects\HDR\hdr_Bloom.material
Info: OGRE: Parsing script Base\FullScreenEffects\HDR\hdr_BrightPass.material
Info: OGRE: Parsing script Base\FullScreenEffects\HDR\hdr_CalculateAdaptedLuminance.material
Info: OGRE: Parsing script Base\FullScreenEffects\HDR\hdr_CopyLastAdaptedLuminance.material
Info: OGRE: Parsing script Base\FullScreenEffects\HDR\hdr_FinalToneMapping.material
Info: OGRE: Parsing script Base\FullScreenEffects\HDR\hdr_GaussianBlur5x5.material
Info: OGRE: Parsing script Base\FullScreenEffects\HDR\hdr_SampleLuminanceFinal.material
Info: OGRE: Parsing script Base\FullScreenEffects\HDR\hdr_SampleLuminanceInitial.material
Info: OGRE: Parsing script Base\FullScreenEffects\HDR\hdr_SampleLuminanceIterative.material
Info: OGRE: Parsing script Base\FullScreenEffects\HeatVision\HaatVision_LightToHeat.material
Info: OGRE: Parsing script Base\FullScreenEffects\HeatVision\HeatVision_Blur.material
Info: OGRE: Parsing script Base\FullScreenEffects\Invert\Invert.material
Info: OGRE: Parsing script Base\FullScreenEffects\LDRBloom\LDRBloom_Bloom.material
Info: OGRE: Parsing script Base\FullScreenEffects\LDRBloom\LDRBloom_BrightPass.material
Info: OGRE: Parsing script Base\FullScreenEffects\LDRBloom\LDRBloom_Final.material
Info: OGRE: Parsing script Base\FullScreenEffects\LDRBloom\LDRBloom_GaussianBlur5x5.material
Info: OGRE: Parsing script Base\FullScreenEffects\LightScattering\LightScattering_Blur.material
Info: OGRE: Parsing script Base\FullScreenEffects\LightScattering\LightScattering_Final.material
Info: OGRE: Parsing script Base\FullScreenEffects\LightScattering\LightScattering_Scattering.material
Info: OGRE: Parsing script Base\FullScreenEffects\MotionBlur\MotionBlur_Combine.material
Info: OGRE: Parsing script Base\FullScreenEffects\MotionBlur\MotionBlur_Copyback.material
Info: OGRE: Parsing script Base\FullScreenEffects\MotionBlur\MotionBlur_Display.material
Info: OGRE: Parsing script Base\FullScreenEffects\OldTV\OldTV.material
Info: OGRE: Parsing script Base\FullScreenEffects\RadialBlur\RadialBlur.material
Info: OGRE: Parsing script Base\FullScreenEffects\SSAO\SSAO_Blur.material
Info: OGRE: Parsing script Base\FullScreenEffects\SSAO\SSAO_Copy.material
Info: OGRE: Parsing script Base\FullScreenEffects\SSAO\SSAO_DepthDownsample1x1.material
Info: OGRE: Parsing script Base\FullScreenEffects\SSAO\SSAO_DepthDownsample2x2.material
Info: OGRE: Parsing script Base\FullScreenEffects\SSAO\SSAO_DepthDownsample3x3.material
Info: OGRE: Parsing script Base\FullScreenEffects\SSAO\SSAO_Final.material
Info: OGRE: Parsing script Base\FullScreenEffects\SSAO\SSAO_Occlusion.material
Info: OGRE: Parsing script Base\FullScreenEffects\Tiling\Tiling.material
Info: OGRE: Parsing script Base\FullScreenEffects\Vignetting\Vignetting.material
Info: OGRE: Parsing script Base\FullScreenEffects\_ShowDepth\ShowDepth.compositor
Info: OGRE: Parsing script Base\FullScreenEffects\Blur\Blur.compositor
Info: OGRE: Parsing script Base\FullScreenEffects\ColorCorrection\ColorCorrection.compositor
Info: OGRE: Parsing script Base\FullScreenEffects\DepthOfField\DepthOfField.compositor
Info: OGRE: Parsing script Base\FullScreenEffects\FXAA\FXAA.compositor
Info: OGRE: Parsing script Base\FullScreenEffects\Glass\Glass.compositor
Info: OGRE: Parsing script Base\FullScreenEffects\Grayscale\Grayscale.compositor
Info: OGRE: Parsing script Base\FullScreenEffects\HDR\hdr.compositor
Info: OGRE: Parsing script Base\FullScreenEffects\HeatVision\HeatVision.compositor
Info: OGRE: Parsing script Base\FullScreenEffects\Invert\Invert.compositor
Info: OGRE: Parsing script Base\FullScreenEffects\LDRBloom\LDRBloom.compositor
Info: OGRE: Parsing script Base\FullScreenEffects\LightScattering\LightScattering.compositor
Info: OGRE: Parsing script Base\FullScreenEffects\MotionBlur\MotionBlur.compositor
Info: OGRE: Parsing script Base\FullScreenEffects\OldTV\OldTV.compositor
Info: OGRE: Parsing script Base\FullScreenEffects\RadialBlur\RadialBlur.compositor
Info: OGRE: Parsing script Base\FullScreenEffects\SSAO\SSAO.compositor
Info: OGRE: Parsing script Base\FullScreenEffects\Tiling\Tiling.compositor
Info: OGRE: Parsing script Base\FullScreenEffects\Vignetting\Vignetting.compositor
Info: OGRE: Parsing script Effects\ExplosionParticle\ExplosionParticle.particle
Info: OGRE: Parsing script Effects\ExplosionParticle\ExplosionParticle2.particle
Info: OGRE: Parsing script Effects\FireParticle\BigFireParticle.particle
Info: OGRE: Parsing script Effects\FireParticle\FireParticle.particle
Info: OGRE: Parsing script Effects\GreenyNimbusParticle\GreenyNimbusParticle.particle
Info: OGRE: Parsing script Effects\ItemParticle\ItemParticle.particle
Info: OGRE: Parsing script Effects\SmokeParticle\SmallSmokeParticle.particle
Info: OGRE: Parsing script Effects\SmokeParticle\SmallSmokeParticle2.particle
Info: OGRE: Parsing script Effects\SmokeParticle\SmokeParticle.particle
Info: OGRE: Parsing script Types\Bullets\ShotgunBullet\ShotgunBullet.particle
Info: OGRE: Parsing script Types\Bullets\ShotgunBullet\ShotgunBulletHit.particle
Info: OGRE: Parsing script Types\Bullets\ShotgunBullet\ShotgunBulletHit2.particle
Info: OGRE: Parsing script Types\Bullets\SubmachineGunBullet\SubmachineGunBulletHit.particle
Info: OGRE: Parsing script Types\Bullets\SubmachineGunBullet\SubmachineGunBulletHit2.particle
Info: OGRE: Parsing script Types\Bullets\SubmachineGunGrenade\SubmachineGunGrenadeParticle.particle
Info: OGRE: Parsing script Types\Dynamic\DestructibleHouse\DestructibleHouseFileParticle.particle
Info: OGRE: Parsing script Types\Dynamic\Fan\FanParticle\DemoFanParticle.particle
Info: OGRE: Parsing script Types\Dynamic\Firework\FireworkBullet\FireworkBulletHit.particle
Info: OGRE: Parsing script Types\Dynamic\GasFlamePipe\GasFlamePipeParticle\GasFlamePipe.particle
Info: OGRE: Parsing script Types\Dynamic\Pipe\PipeLeak\PipeLeakFlameParticle\PipeLeakFlame.particle
Info: OGRE: Parsing script Types\Dynamic\Pipe\PipeLeak\PipeLeakSteamParticle\PipeLeakSteam.particle
Info: OGRE: Parsing script Types\Dynamic\Teleporter\TeleportParticle\DemoTeleporterReceive.particle
Info: OGRE: Parsing script Types\Dynamic\Teleporter\TeleportParticle\DemoTeleporterSend.particle
Info: OGRE: Parsing script Types\Special\WaterPlane\WaterSplash\WaterSplash.particle
Info: OGRE: Parsing script Types\Special\WaterPlane\WaterSplashWave\WaterSplashWave.particle
Info: OGRE: Finished parsing scripts for resource group General
Info: OGRE: Parsing scripts for resource group Internal
Info: OGRE: Finished parsing scripts for resource group Internal
Info: OGRE: WARNING: material Compositor/ShowDepth has no supportable Techniques and will be blank. Explanation: 
Pass 0: Fragment program Compositor/ShowDepth_fp cannot be used - not supported.

Info: OGRE: WARNING: material Compositor/ShowDepth has no supportable Techniques and will be blank. Explanation: 
Pass 0: Fragment program Compositor/ShowDepth_fp cannot be used - not supported.

Info: OGRE: WARNING: material Compositor/Blur has no supportable Techniques and will be blank. Explanation: 
Pass 0: Fragment program Compositor/Blur_fp cannot be used - not supported.

Info: OGRE: WARNING: material Compositor/Blur has no supportable Techniques and will be blank. Explanation: 
Pass 0: Fragment program Compositor/Blur_fp cannot be used - not supported.

Info: OGRE: WARNING: material Compositor/ColorCorrection has no supportable Techniques and will be blank. Explanation: 
Pass 0: Fragment program Compositor/ColorCorrection_fp cannot be used - not supported.

Info: OGRE: WARNING: material Compositor/ColorCorrection has no supportable Techniques and will be blank. Explanation: 
Pass 0: Fragment program Compositor/ColorCorrection_fp cannot be used - not supported.

Info: OGRE: WARNING: material Compositor/DepthOfField/Final has no supportable Techniques and will be blank. Explanation: 
Pass 0: Fragment program Compositor/DepthOfField/Final cannot be used - not supported.

Info: OGRE: WARNING: material Compositor/DepthOfField/Final has no supportable Techniques and will be blank. Explanation: 
Pass 0: Fragment program Compositor/DepthOfField/Final cannot be used - not supported.

Info: OGRE: WARNING: material Compositor/FXAA_Final has no supportable Techniques and will be blank. Explanation: 
Pass 0: Fragment program Compositor/FXAA_Final_fp cannot be used - not supported.

Info: OGRE: WARNING: material Compositor/FXAA_Final has no supportable Techniques and will be blank. Explanation: 
Pass 0: Fragment program Compositor/FXAA_Final_fp cannot be used - not supported.

Info: OGRE: WARNING: material Compositor/Glass has no supportable Techniques and will be blank. Explanation: 
Pass 0: Fragment program Compositor/Glass_fp cannot be used - not supported.

Info: OGRE: WARNING: material Compositor/Glass has no supportable Techniques and will be blank. Explanation: 
Pass 0: Fragment program Compositor/Glass_fp cannot be used - not supported.

Info: OGRE: WARNING: material Compositor/Grayscale has no supportable Techniques and will be blank. Explanation: 
Pass 0: Fragment program Compositor/Grayscale_fp cannot be used - not supported.

Info: OGRE: WARNING: material Compositor/Grayscale has no supportable Techniques and will be blank. Explanation: 
Pass 0: Fragment program Compositor/Grayscale_fp cannot be used - not supported.

Info: OGRE: WARNING: material Compositor/HDR/FinalToneMapping has no supportable Techniques and will be blank. Explanation: 
Pass 0: Fragment program Compositor/HDR/FinalToneMapping cannot be used - not supported.

Info: OGRE: WARNING: material Compositor/HDR/FinalToneMapping has no supportable Techniques and will be blank. Explanation: 
Pass 0: Fragment program Compositor/HDR/FinalToneMapping cannot be used - not supported.

Info: OGRE: WARNING: material Compositor/HeatVision/Blur has no supportable Techniques and will be blank. Explanation: 
Pass 0: Fragment program Compositor/HeatVision/Blur_fp cannot be used - not supported.

Info: OGRE: WARNING: material Compositor/HeatVision/Blur has no supportable Techniques and will be blank. Explanation: 
Pass 0: Fragment program Compositor/HeatVision/Blur_fp cannot be used - not supported.

Info: OGRE: WARNING: material Compositor/Invert has no supportable Techniques and will be blank. Explanation: 
Pass 0: Fragment program Compositor/Invert_fp cannot be used - not supported.

Info: OGRE: WARNING: material Compositor/Invert has no supportable Techniques and will be blank. Explanation: 
Pass 0: Fragment program Compositor/Invert_fp cannot be used - not supported.

Info: OGRE: WARNING: material Compositor/LDRBloom/Final has no supportable Techniques and will be blank. Explanation: 
Pass 0: Fragment program Compositor/LDRBloom/Final cannot be used - not supported.

Info: OGRE: WARNING: material Compositor/LDRBloom/Final has no supportable Techniques and will be blank. Explanation: 
Pass 0: Fragment program Compositor/LDRBloom/Final cannot be used - not supported.

Info: OGRE: WARNING: material Compositor/LightScattering/Final has no supportable Techniques and will be blank. Explanation: 
Pass 0: Fragment program Compositor/LightScattering/Final cannot be used - not supported.

Info: OGRE: WARNING: material Compositor/LightScattering/Final has no supportable Techniques and will be blank. Explanation: 
Pass 0: Fragment program Compositor/LightScattering/Final cannot be used - not supported.

Info: OGRE: WARNING: material Compositor/MotionBlur/Display has no supportable Techniques and will be blank. Explanation: 
Pass 0: Fragment program Compositor/MotionBlur/Display_fp cannot be used - not supported.

Info: OGRE: WARNING: material Compositor/MotionBlur/Display has no supportable Techniques and will be blank. Explanation: 
Pass 0: Fragment program Compositor/MotionBlur/Display_fp cannot be used - not supported.

Info: OGRE: WARNING: material Compositor/OldTV has no supportable Techniques and will be blank. Explanation: 
Pass 0: Fragment program Compositor/OldTV_fp cannot be used - not supported.

Info: OGRE: WARNING: material Compositor/OldTV has no supportable Techniques and will be blank. Explanation: 
Pass 0: Fragment program Compositor/OldTV_fp cannot be used - not supported.

Info: OGRE: WARNING: material Compositor/RadialBlur has no supportable Techniques and will be blank. Explanation: 
Pass 0: Fragment program Compositor/RadialBlur_fp cannot be used - not supported.

Info: OGRE: WARNING: material Compositor/RadialBlur has no supportable Techniques and will be blank. Explanation: 
Pass 0: Fragment program Compositor/RadialBlur_fp cannot be used - not supported.

Info: OGRE: WARNING: material Compositor/SSAO/Copy has no supportable Techniques and will be blank. Explanation: 
Pass 0: Fragment program Compositor/SSAO/Copy cannot be used - not supported.

Info: OGRE: WARNING: material Compositor/SSAO/Copy has no supportable Techniques and will be blank. Explanation: 
Pass 0: Fragment program Compositor/SSAO/Copy cannot be used - not supported.

Info: OGRE: WARNING: material Compositor/Tiling has no supportable Techniques and will be blank. Explanation: 
Pass 0: Fragment program Compositor/Tiling_fp cannot be used - not supported.

Info: OGRE: WARNING: material Compositor/Tiling has no supportable Techniques and will be blank. Explanation: 
Pass 0: Fragment program Compositor/Tiling_fp cannot be used - not supported.

Info: OGRE: WARNING: material Compositor/Vignetting has no supportable Techniques and will be blank. Explanation: 
Pass 0: Fragment program Compositor/Vignetting_fp cannot be used - not supported.

Info: OGRE: WARNING: material Compositor/Vignetting has no supportable Techniques and will be blank. Explanation: 
Pass 0: Fragment program Compositor/Vignetting_fp cannot be used - not supported.

Info: Initializing high level material: _ResourceEditorSamples\Importing3DModel\Animated\PigA_RenameTest.highMaterial
Info: Initializing high level material: _ResourceEditorSamples\Importing3DModel\FBX_Importing\FBX_Importing_Teapot_Material #25.highMaterial
Info: Initializing high level material: _ResourceEditorSamples\Importing3DModel\Stone\ColladaTestStoneStatic.highMaterial
Info: Initializing high level material: _ResourceEditorSamples\ScrollingTexture\ScrollingTextureTest.highMaterial
Info: Initializing high level material: Base\Simple Materials\Black.highMaterial
Info: Initializing high level material: Base\Simple Materials\Blue.highMaterial
Info: Initializing high level material: Base\Simple Materials\DarkBlue.highMaterial
Info: Initializing high level material: Base\Simple Materials\DarkGray.highMaterial
Info: Initializing high level material: Base\Simple Materials\DarkGreen.highMaterial
Info: Initializing high level material: Base\Simple Materials\DarkRed.highMaterial
Info: Initializing high level material: Base\Simple Materials\DarkYellow.highMaterial
Info: Initializing high level material: Base\Simple Materials\Gray.highMaterial
Info: Initializing high level material: Base\Simple Materials\Green.highMaterial
Info: Initializing high level material: Base\Simple Materials\Red.highMaterial
Info: Initializing high level material: Base\Simple Materials\White.highMaterial
Info: Initializing high level material: Base\Simple Materials\Yellow.highMaterial
Info: Initializing high level material: Base\Tools\ModelImportEditor\ModelImportEditor_SourceAdded.highMaterial
Info: Initializing high level material: Base\Tools\ModelImportEditor\ModelImportEditor_SourceFree.highMaterial
Info: Initializing high level material: Base\Tools\ResourceEditorGrid\ResourceEditorGrid_1.highMaterial
Info: Initializing high level material: Base\Tools\ResourceEditorGrid\ResourceEditorGrid_2.highMaterial
Info: Initializing high level material: Base\Tools\ToolsSelectObjectMaterials\ToolsSelectObject_Green.highMaterial
Info: Initializing high level material: Base\Tools\ToolsSelectObjectMaterials\ToolsSelectObject_Green_FFP.highMaterial
Info: Initializing high level material: Base\Tools\ToolsSelectObjectMaterials\ToolsSelectObject_Yellow.highMaterial
Info: Initializing high level material: Base\Tools\ToolsSelectObjectMaterials\ToolsSelectObject_Yellow_FFP.highMaterial
Info: Initializing high level material: Base\Types\Light\Base_LightFlare.highMaterial
Info: Initializing high level material: Base\Types\Sun\Base_SunFlare.highMaterial
Info: Initializing high level material: Effects\DefaultFlare\DefaultFlare.highMaterial
Info: Initializing high level material: Effects\ExplosionParticle\ExplosionParticle.highMaterial
Info: Initializing high level material: Effects\ExplosionParticle\ExplosionParticle2.highMaterial
Info: Initializing high level material: Effects\FireParticle\FireParticle.highMaterial
Info: Initializing high level material: Effects\ItemParticle\ItemParticle.highMaterial
Info: Initializing high level material: Effects\SmokeParticle\SmokeParticle.highMaterial
Info: Initializing high level material: Models\DemoCorridors\Corridor_Ceiling.highMaterial
Info: Initializing high level material: Models\DemoCorridors\Corridor_CornerExt1.highMaterial
Info: Initializing high level material: Models\DemoCorridors\Corridor_CornerExt2.highMaterial
Info: Initializing high level material: Models\DemoCorridors\Corridor_CornerExtDown1.highMaterial
Info: Initializing high level material: Models\DemoCorridors\Corridor_CornerExtDown2.highMaterial
Info: Initializing high level material: Models\DemoCorridors\Corridor_CornerExtMiddle1.highMaterial
Info: Initializing high level material: Models\DemoCorridors\Corridor_CornerExtMiddle2.highMaterial
Info: Initializing high level material: Models\DemoCorridors\Corridor_CornerExtUp1.highMaterial
Info: Initializing high level material: Models\DemoCorridors\Corridor_CornerExtUp2.highMaterial
Info: Initializing high level material: Models\DemoCorridors\Corridor_CornerInt1.highMaterial
Info: Initializing high level material: Models\DemoCorridors\Corridor_CornerInt2.highMaterial
Info: Initializing high level material: Models\DemoCorridors\Corridor_CornerIntDown1.highMaterial
Info: Initializing high level material: Models\DemoCorridors\Corridor_CornerIntDown2.highMaterial
Info: Initializing high level material: Models\DemoCorridors\Corridor_CornerIntMiddle1.highMaterial
Info: Initializing high level material: Models\DemoCorridors\Corridor_CornerIntMiddle2.highMaterial
Info: Initializing high level material: Models\DemoCorridors\Corridor_CornerIntUp1.highMaterial
Info: Initializing high level material: Models\DemoCorridors\Corridor_CornerIntUp2.highMaterial
Info: Initializing high level material: Models\DemoCorridors\Corridor_Floor.highMaterial
Info: Initializing high level material: Models\DemoCorridors\Corridor_Gates.highMaterial
Info: Initializing high level material: Models\DemoCorridors\Corridor_GridFloor1.highMaterial
Info: Initializing high level material: Models\DemoCorridors\Corridor_GridFloor2.highMaterial
Info: Initializing high level material: Models\DemoCorridors\Corridor_GridFloor3.highMaterial
Info: Initializing high level material: Models\DemoCorridors\Corridor_Pass1.highMaterial
Info: Initializing high level material: Models\DemoCorridors\Corridor_Pass2.highMaterial
Info: Initializing high level material: Models\DemoCorridors\Corridor_PassDown1.highMaterial
Info: Initializing high level material: Models\DemoCorridors\Corridor_PassDown2.highMaterial
Info: Initializing high level material: Models\DemoCorridors\Corridor_Wall1.highMaterial
Info: Initializing high level material: Models\DemoCorridors\Corridor_Wall2.highMaterial
Info: Initializing high level material: Models\DemoCorridors\Corridor_WallDown1.highMaterial
Info: Initializing high level material: Models\DemoCorridors\Corridor_WallDown2.highMaterial
Info: Initializing high level material: Models\DemoCorridors\Corridor_WallMiddle1.highMaterial
Info: Initializing high level material: Models\DemoCorridors\Corridor_WallMiddle2.highMaterial
Info: Initializing high level material: Models\DemoCorridors\Corridor_WallUp1.highMaterial
Info: Initializing high level material: Models\DemoCorridors\Corridor_WallUp2.highMaterial
Info: Initializing high level material: Models\DemoCorridors\new_modells\OB-material.highMaterial
Info: Initializing high level material: Models\Pipes\Demo_PipeDirect.highMaterial
Info: Initializing high level material: Models\Pipes\Demo_PipePlasma.highMaterial
Info: Initializing high level material: Models\Pipes\Demo_PipeRack.highMaterial
Info: Initializing high level material: Models\Pipes\Demo_PipeValve.highMaterial
Info: Initializing high level material: Types\Bullets\ShotgunBullet\ShotgunBulletHitParticle.highMaterial
Info: Initializing high level material: Types\Bullets\ShotgunBullet\ShotgunBulletHitParticle2.highMaterial
Info: Initializing high level material: Types\Bullets\ShotgunBullet\ShotgunBulletRibbonTrail.highMaterial
Info: Initializing high level material: Types\Bullets\SubmachineGunBullet\SubmachineGunBulletHit.highMaterial
Info: Initializing high level material: Types\Bullets\SubmachineGunBullet\SubmachineGunBulletHit2.highMaterial
Info: Initializing high level material: Types\Bullets\SubmachineGunGrenade\SubmachineGunSmokeParticle.highMaterial
Info: Initializing high level material: Types\Decals\DefaultBulletDecal\DefaultBulletDecal.highMaterial
Info: Initializing high level material: Types\Decals\DefaultExplosionDecal\DefaultExplosionDecal.highMaterial
Info: Initializing high level material: Types\Decals\ZombieBulletDecal\ZombieBulletDecal.highMaterial
Info: Initializing high level material: Types\DecorativeObjects\DecorativeStones\DecorativeStones.highMaterial
Info: Initializing high level material: Types\DecorativeObjects\Ear\Ear.highMaterial
Info: Initializing high level material: Types\DecorativeObjects\FlowerWhite\FlowerWhite.highMaterial
Info: Initializing high level material: Types\DecorativeObjects\FlowerYellow\FlowerYellow.highMaterial
Info: Initializing high level material: Types\DecorativeObjects\GrassBrown\GrassBrown.highMaterial
Info: Initializing high level material: Types\DecorativeObjects\GrassGreen\GrassGreen.highMaterial
Info: Initializing high level material: Types\Dynamic\Ball\Ball.highMaterial
Info: Initializing high level material: Types\Dynamic\Billboard\Demo_Billboard.highMaterial
Info: Initializing high level material: Types\Dynamic\Billboard\Demo_BillboardBackground.highMaterial
Info: Initializing high level material: Types\Dynamic\BooleanSwitch\BooleanSwitch.highMaterial
Info: Initializing high level material: Types\Dynamic\BooleanSwitch\BooleanSwitchOff.highMaterial
Info: Initializing high level material: Types\Dynamic\BooleanSwitch\BooleanSwitchOn.highMaterial
Info: Initializing high level material: Types\Dynamic\Box\Box.highMaterial
Info: Initializing high level material: Types\Dynamic\CubemapReflectedBall\CubemapReflectedBall.highMaterial
Info: Initializing high level material: Types\Dynamic\DestructibleHouse\DestructibleHouse.highMaterial
Info: Initializing high level material: Types\Dynamic\DestructibleHouse\DestructibleHouseWinDoor.highMaterial
Info: Initializing high level material: Types\Dynamic\Door\Corridor_DoorLeft.highMaterial
Info: Initializing high level material: Types\Dynamic\Door\Corridor_DoorPanel.highMaterial
Info: Initializing high level material: Types\Dynamic\DynamicSinusoidSurface\DynamicSinusoidSurface.highMaterial
Info: Initializing high level material: Types\Dynamic\ExampleMagicBall\ExampleMagicBallBlinkMaterial.highMaterial
Info: Initializing high level material: Types\Dynamic\ExplosionBarrel\ExplosionBarrel.highMaterial
Info: Initializing high level material: Types\Dynamic\Fan\DemoFan.highMaterial
Info: Initializing high level material: Types\Dynamic\Fan\FanParticle\DemoFanParticle.highMaterial
Info: Initializing high level material: Types\Dynamic\Firework\FireworkBullet\FireworkBulletRibbonTrail.highMaterial
Info: Initializing high level material: Types\Dynamic\FlareTest\FlareTest.highMaterial
Info: Initializing high level material: Types\Dynamic\GasFlamePipe\GasFlamePipeParticle\GasFlamePipeParticle.highMaterial
Info: Initializing high level material: Types\Dynamic\HangingBall\HangingBall.highMaterial
Info: Initializing high level material: Types\Dynamic\HangingCable\HangingCable.highMaterial
Info: Initializing high level material: Types\Dynamic\HangingLamp\HangingLampBase.highMaterial
Info: Initializing high level material: Types\Dynamic\HangingLamp\HangingLampLamps.highMaterial
Info: Initializing high level material: Types\Dynamic\Pipe\PipeLeak\PipeLeakFlameParticle\PipeLeakFlameParticle.highMaterial
Info: Initializing high level material: Types\Dynamic\Pipe\PipeLeak\PipeLeakSteamParticle\PipeLeakSteamParticle.highMaterial
Info: Initializing high level material: Types\Dynamic\Teleporter\DemoTeleporter.highMaterial
Info: Initializing high level material: Types\Dynamic\Teleporter\DemoTeleporterGlow.highMaterial
Info: Initializing high level material: Types\Dynamic\Teleporter\TeleportParticle\DemoTeleporterParticle.highMaterial
Info: Initializing high level material: Types\Dynamic\Terminal\Terminal.highMaterial
Info: Initializing high level material: Types\Dynamic\Terminal\TerminalBackground.highMaterial
Info: Initializing high level material: Types\Dynamic\Terminal\TerminalClientNotSupportedInfo.highMaterial
Info: Initializing high level material: Types\Dynamic\WindMill\WindMill.highMaterial
Info: Initializing high level material: Types\Dynamic\WindMill\WindMillFan.highMaterial
Info: Initializing high level material: Types\Dynamic\WoodBox\WoodBox.highMaterial
Info: Initializing high level material: Types\Items\AccessCard\AccessCard.highMaterial
Info: Initializing high level material: Types\Items\BulletItems\ShotgunBulletsItem\ShotgunBulletsItem.highMaterial
Info: Initializing high level material: Types\Items\BulletItems\SubmachineGunBulletsItem\SubmachineGunBulletsItem.highMaterial
Info: Initializing high level material: Types\Items\Dynamite\Dynamite.highMaterial
Info: Initializing high level material: Types\Items\HealthItems\SmallHealthItem\SmallHealthItem.highMaterial
Info: Initializing high level material: Types\Sky\BlueDaySky\BlueDaySky.highMaterial
Info: Initializing high level material: Types\Special\WaterPlane\WaterSplash\WaterSplash.highMaterial
Info: Initializing high level material: Types\Special\WaterPlane\WaterSplashWave\WaterSplashWave.highMaterial
Info: Initializing high level material: Types\StaticObjects\EngineLogoPlacard\EngineLogoPlacard.highMaterial
Info: Initializing high level material: Types\StaticObjects\Eyes\Eyes.highMaterial
Info: Initializing high level material: Types\StaticObjects\MineBoard\MineBoard.highMaterial
Info: Initializing high level material: Types\StaticObjects\OgreHead\OgreHead.highMaterial
Info: Initializing high level material: Types\StaticObjects\OgreHead\OgreHeadAnimated.highMaterial
Info: Initializing high level material: Types\StaticObjects\OgreHead\OgreHeadDynamicDiffuseScale.highMaterial
Info: Initializing high level material: Types\StaticObjects\OgreHead\OgreHeadEyes.highMaterial
Info: Initializing high level material: Types\StaticObjects\OgreHead\OgreHeadFangs.highMaterial
Info: Initializing high level material: Types\StaticObjects\Palette\Palette.highMaterial
Info: Initializing high level material: Types\StaticObjects\ParkingBarrier\ParkingBarrier.highMaterial
Info: Initializing high level material: Types\StaticObjects\RabbitHead\RabbitHead.highMaterial
Info: Initializing high level material: Types\StaticObjects\StaticBox\StaticBox.highMaterial
Info: Initializing high level material: Types\StaticObjects\Stone\Stone.highMaterial
Info: Initializing high level material: Types\StaticObjects\StopSign\StopSign.highMaterial
Info: Initializing high level material: Types\StaticObjects\SwitchBox\SwitchBox.highMaterial
Info: Initializing high level material: Types\Units\Bug\Bug.highMaterial
Info: Initializing high level material: Types\Units\Girl\FirstPersonArms\GirlFirstPersonArms_02 - Default2.highMaterial
Info: Initializing high level material: Types\Units\Girl\FirstPersonArms\GirlFirstPersonArms_04 - Default.highMaterial
Info: Initializing high level material: Types\Units\Girl\FirstPersonArms\GirlFirstPersonArms_07 - Default.highMaterial
Info: Initializing high level material: Types\Units\Girl\Girl.highMaterial
Info: Initializing high level material: Types\Units\Rabbit\Rabbit.highMaterial
Info: Initializing high level material: Types\Vegetation\Trees\Materials\Tree01A_Bark.highMaterial
Info: Initializing high level material: Types\Vegetation\Trees\Materials\Tree01A_Bark_LOD.highMaterial
Info: Initializing high level material: Types\Vegetation\Trees\Materials\Tree01A_Branch.highMaterial
Info: Initializing high level material: Types\Vegetation\Trees\Materials\Tree01A_Branch_LOD.highMaterial
Info: Initializing high level material: Types\Vegetation\Trees\Materials\Tree02A_Bark.highMaterial
Info: Initializing high level material: Types\Vegetation\Trees\Materials\Tree02A_Bark_LOD.highMaterial
Info: Initializing high level material: Types\Vegetation\Trees\Materials\Tree02A_Branch.highMaterial
Info: Initializing high level material: Types\Vegetation\Trees\Materials\Tree02A_Branch_LOD.highMaterial
Info: Initializing high level material: Types\Vegetation\Trees\Materials\Tree03A_Bark.highMaterial
Info: Initializing high level material: Types\Vegetation\Trees\Materials\Tree03A_Bark_LOD.highMaterial
Info: Initializing high level material: Types\Vegetation\Trees\Materials\Tree03A_Branch.highMaterial
Info: Initializing high level material: Types\Vegetation\Trees\Materials\Tree03A_Branch_LOD.highMaterial
Info: Initializing high level material: Types\Vegetation\Trees\Materials\Tree04A_Bark.highMaterial
Info: Initializing high level material: Types\Vegetation\Trees\Materials\Tree04A_Bark_LOD.highMaterial
Info: Initializing high level material: Types\Vegetation\Trees\Materials\Tree04A_Branch.highMaterial
Info: Initializing high level material: Types\Vegetation\Trees\Materials\Tree04A_Branch_LOD.highMaterial
Info: Initializing high level material: Types\Vegetation\Trees\Materials\Tree05A_Bark.highMaterial
Info: Initializing high level material: Types\Vegetation\Trees\Materials\Tree05A_Bark_LOD.highMaterial
Info: Initializing high level material: Types\Vegetation\Trees\Materials\Tree05A_Branch.highMaterial
Info: Initializing high level material: Types\Vegetation\Trees\Materials\Tree05A_Branch_LOD.highMaterial
Info: Initializing high level material: Types\Vegetation\Trees\Materials\Tree06A_Bark.highMaterial
Info: Initializing high level material: Types\Vegetation\Trees\Materials\Tree06A_Bark_LOD.highMaterial
Info: Initializing high level material: Types\Vegetation\Trees\Materials\Tree06A_Branch.highMaterial
Info: Initializing high level material: Types\Vegetation\Trees\Materials\Tree06A_Branch_LOD.highMaterial
Info: Initializing high level material: Types\Vegetation\Trees\Materials\Tree07A_Bark.highMaterial
Info: Initializing high level material: Types\Vegetation\Trees\Materials\Tree07A_Bark_LOD.highMaterial
Info: Initializing high level material: Types\Vegetation\Trees\Materials\Tree07A_Branch.highMaterial
Info: Initializing high level material: Types\Vegetation\Trees\Materials\Tree07A_Branch_LOD.highMaterial
Info: Initializing high level material: Types\Vegetation\Trees\Materials\Tree08A_Bark.highMaterial
Info: Initializing high level material: Types\Vegetation\Trees\Materials\Tree08A_Bark_LOD.highMaterial
Info: Initializing high level material: Types\Vegetation\Trees\Materials\Tree08A_Branch.highMaterial
Info: Initializing high level material: Types\Vegetation\Trees\Materials\Tree08A_Branch_LOD.highMaterial
Info: Initializing high level material: Types\Weapons\Hammer\Hammer.highMaterial
Info: Initializing high level material: Types\Weapons\Shotgun\Shotgun.highMaterial
Info: Initializing high level material: Types\Weapons\Shotgun\Shotgun_FPSCamera.highMaterial
Info: Initializing high level material: Types\Weapons\SubmachineGun\ScarRifle_FPSCamera\ScarRifle_1_FPSCamera.highMaterial
Info: Initializing high level material: Types\Weapons\SubmachineGun\ScarRifle_FPSCamera\ScarRifle_2_FPSCamera.highMaterial
Info: Initializing high level material: Types\Weapons\SubmachineGun\ScarRifle_FPSCamera\ScarRifle_3_FPSCamera.highMaterial
Info: Initializing high level material: Types\Weapons\SubmachineGun\ScarRifle_TPSCamera\ScarRifle_1.highMaterial
Info: Initializing high level material: Types\Weapons\SubmachineGun\ScarRifle_TPSCamera\ScarRifle_2.highMaterial
Info: Initializing high level material: Types\Weapons\SubmachineGun\ScarRifle_TPSCamera\ScarRifle_3.highMaterial
Info: Initializing high level material: Types\Weapons\SubmachineGun\SubmachineGunFire.highMaterial
Info: Sound system is initialized (Driver: OpenAL 1.1 ALSOFT 1.13, Device: DirectSound Default)
Info: OGRE: !!! Direct3D Device Lost!
Info: OGRE: D3D9TextureManager released:
Info: OGRE: 0 unmanaged textures
Info: OGRE: D3D9HardwareBufferManager released:
Info: OGRE: 0 unmanaged vertex buffers
Info: OGRE: 0 unmanaged index buffers
Info: OGRE: D3D9TextureManager released:
Info: OGRE: 0 unmanaged textures
Info: OGRE: D3D9HardwareBufferManager released:
Info: OGRE: 0 unmanaged vertex buffers
Info: OGRE: 0 unmanaged index buffers
Info: OGRE: Reset device ok w:750 h:684
Info: OGRE: D3D9TextureManager recreated:
Info: OGRE: 0 unmanaged textures
Info: OGRE: D3D9HardwareBufferManager recreated:
Info: OGRE: 0 unmanaged vertex buffers
Info: OGRE: 0 unmanaged index buffers
Info: OGRE: !!! Direct3D Device successfully restored.
Info: OGRE: Texture: Gui\Textures\Configurator_256x256.png: Loading 1 faces(PF_A8R8G8B8,256x256x1) with  hardware generated mipmaps from Image. Internal format is PF_A8R8G8B8,256x256x1.
Info: OGRE: Texture: Gui\Textures\ComboBoxButton.png: Loading 1 faces(PF_A8R8G8B8,64x64x1) with  hardware generated mipmaps from Image. Internal format is PF_A8R8G8B8,64x64x1.
Info: OGRE: Texture: Gui\Textures\Check.png: Loading 1 faces(PF_A8R8G8B8,64x64x1) with  hardware generated mipmaps from Image. Internal format is PF_A8R8G8B8,64x64x1.
Info: OGRE: Texture: Gui\Textures\Circle.png: Loading 1 faces(PF_A8R8G8B8,64x64x1) with  hardware generated mipmaps from Image. Internal format is PF_A8R8G8B8,64x64x1.
Info: OGRE: Texture: Base\Shaders\White.jpg: Loading 1 faces(PF_R8G8B8,32x32x1) with  hardware generated mipmaps from Image. Internal format is PF_X8R8G8B8,32x32x1.
Info: NativeMemoryManager: Leaks statistics begin
Info: Leak - type: Renderer, size: 9712 x 1 = 9712 (file: NULL)
Info: Leak - type: Renderer, size: 1132 x 1 = 1132 (file: NULL)
Info: Leak - type: Renderer, size: 532 x 1 = 532 (file: NULL)
Info: Leak - type: Renderer, size: 308 x 1 = 308 (file: NULL)
Info: Leak - type: Renderer, size: 304 x 1 = 304 (file: NULL)
Info: Leak - type: Renderer, size: 292 x 1 = 292 (file: NULL)
Info: Leak - type: Renderer, size: 184 x 1 = 184 (file: NULL)
Info: Leak - type: Renderer, size: 168 x 1 = 168 (file: NULL)
Info: Leak - type: Renderer, size: 152 x 1 = 152 (file: NULL)
Info: Leak - type: Renderer, size: 120 x 7 = 840 (file: NULL)
Info: Leak - type: Renderer, size: 88 x 1 = 88 (file: OgreD3D9HardwareBufferManager.h:79)
Info: Leak - type: Renderer, size: 88 x 1 = 88 (file: NULL)
Info: Leak - type: Renderer, size: 76 x 1 = 76 (file: NULL)
Info: Leak - type: Renderer, size: 72 x 1 = 72 (file: NULL)
Info: Leak - type: Renderer, size: 60 x 1 = 60 (file: NULL)
Info: Leak - type: Renderer, size: 56 x 5 = 280 (file: NULL)
Info: Leak - type: Renderer, size: 52 x 4 = 208 (file: NULL)
Info: Leak - type: Renderer, size: 48 x 4 = 192 (file: NULL)
Info: Leak - type: Renderer, size: 44 x 12 = 528 (file: NULL)
Info: Leak - type: Renderer, size: 36 x 7 = 252 (file: NULL)
Info: Leak - type: Renderer, size: 28 x 1 = 28 (file: NULL)
Info: Leak - type: Renderer, size: 24 x 1312 = 31488 (file: NULL)
Info: Leak - type: Renderer, size: 20 x 9 = 180 (file: NULL)
Info: Leak - type: Renderer, size: 16 x 1 = 16 (file: NULL)
Info: Leak - type: Renderer, size: 12 x 29 = 348 (file: NULL)
Info: Leak - type: Renderer, size: 8 x 1 = 8 (file: NULL)
Info: Leak - type: Renderer, size: 4 x 1 = 4 (file: NULL)
Info: Leak - type: Physics, size: 2079 x 3 = 6237 (file: ExtSharedQueueEntryPool.h:86)
Info: Leak - type: Physics, size: 76 x 1 = 76 (file: ExtDefaultCpuDispatcher.cpp:81)
Info: Leak - type: Physics, size: 52 x 1 = 52 (file: ExtDefaultCpuDispatcher.cpp:46)
Info: Leak - type: Physics, size: 44 x 2 = 88 (file: PsWindowsThread.cpp:92)
Info: Leak - type: Physics, size: 28 x 6 = 168 (file: PsSList.h:92)
Info: Leak - type: Physics, size: 24 x 1 = 24 (file: PsWindowsSync.cpp:48)
Info: Total size: 54185
Info: NativeMemoryManager: Leaks statistics end
Program END
