11:45:11: Creating resource group General
11:45:11: Creating resource group Internal
11:45:11: Creating resource group Autodetect
11:45:11: SceneManagerFactory for type 'DefaultSceneManager' registered.
11:45:11: Registering ResourceManager for type Material
11:45:11: Registering ResourceManager for type Mesh
11:45:11: Registering ResourceManager for type Skeleton
11:45:11: MovableObjectFactory for type 'ParticleSystem' registered.
11:45:11: ArchiveFactory for archive type FileSystem registered.
11:45:11: ArchiveFactory for archive type Zip registered.
11:45:11: ArchiveFactory for archive type EmbeddedZip registered.
11:45:11: DDS codec registering
11:45:11: FreeImage version: 3.15.3
11:45:11: This program uses FreeImage, a free, open source image library supporting all common bitmap formats. See http://freeimage.sourceforge.net for details
11:45:11: Supported formats: bmp,ico,jpg,jif,jpeg,jpe,jng,koa,iff,lbm,mng,pbm,pbm,pcd,pcx,pgm,pgm,png,ppm,ppm,ras,tga,targa,tif,tiff,wap,wbmp,wbm,psd,cut,xbm,xpm,gif,hdr,g3,sgi,exr,j2k,j2c,jp2,pfm,pct,pict,pic,3fr,arw,bay,bmq,cap,cine,cr2,crw,cs1,dc2,dcr,drf,dsc,dng,erf,fff,ia,iiq,k25,kc2,kdc,mdc,mef,mos,mrw,nef,nrw,orf,pef,ptx,pxn,qtk,raf,raw,rdc,rw2,rwl,rwz,sr2,srf,srw,sti
11:45:11: Registering ResourceManager for type HighLevelGpuProgram
11:45:11: Registering ResourceManager for type Compositor
11:45:11: MovableObjectFactory for type 'Entity' registered.
11:45:11: MovableObjectFactory for type 'Light' registered.
11:45:11: MovableObjectFactory for type 'BillboardSet' registered.
11:45:11: MovableObjectFactory for type 'ManualObject' registered.
11:45:11: MovableObjectFactory for type 'BillboardChain' registered.
11:45:11: MovableObjectFactory for type 'RibbonTrail' registered.
11:45:11: Loading library .\RenderSystem_GL_d
11:45:11: Installing plugin: GL RenderSystem
11:45:11: OpenGL Rendering Subsystem created.
11:45:11: Plugin successfully installed
11:45:11: Loading library .\Plugin_ParticleFX_d
11:45:11: Installing plugin: ParticleFX
11:45:11: Particle Emitter Type 'Point' registered
11:45:11: Particle Emitter Type 'Box' registered
11:45:11: Particle Emitter Type 'Ellipsoid' registered
11:45:11: Particle Emitter Type 'Cylinder' registered
11:45:11: Particle Emitter Type 'Ring' registered
11:45:11: Particle Emitter Type 'HollowEllipsoid' registered
11:45:11: Particle Affector Type 'LinearForce' registered
11:45:11: Particle Affector Type 'ColourFader' registered
11:45:11: Particle Affector Type 'ColourFader2' registered
11:45:11: Particle Affector Type 'ColourImage' registered
11:45:11: Particle Affector Type 'ColourInterpolator' registered
11:45:11: Particle Affector Type 'Scaler' registered
11:45:11: Particle Affector Type 'Rotator' registered
11:45:11: Particle Affector Type 'DirectionRandomiser' registered
11:45:11: Particle Affector Type 'DeflectorPlane' registered
11:45:11: Plugin successfully installed
11:45:11: Loading library .\Plugin_BSPSceneManager_d
11:45:11: Installing plugin: BSP Scene Manager
11:45:11: Plugin successfully installed
11:45:11: Loading library .\Plugin_CgProgramManager_d
11:45:11: Installing plugin: Cg Program Manager
11:45:11: Plugin successfully installed
11:45:11: Loading library .\Plugin_PCZSceneManager_d
11:45:11: Installing plugin: Portal Connected Zone Scene Manager
11:45:11: PCZone Factory Type 'ZoneType_Default' registered
11:45:11: Plugin successfully installed
11:45:11: Loading library .\Plugin_OctreeZone_d
11:45:11: Installing plugin: Octree Zone Factory
11:45:11: Plugin successfully installed
11:45:11: Loading library .\Plugin_OctreeSceneManager_d
11:45:11: Installing plugin: Octree Scene Manager
11:45:11: Plugin successfully installed
11:45:11: *-*-* OGRE Initialising
11:45:11: *-*-* Version 1.9.0 (Ghadamon)
11:45:11: OverlayElementFactory for type Panel registered.
11:45:11: OverlayElementFactory for type BorderPanel registered.
11:45:11: OverlayElementFactory for type TextArea registered.
11:45:11: Registering ResourceManager for type Font
11:45:11: Creating resource group Essential
11:45:11: Added resource location '../../Media/thumbnails' of type 'FileSystem' to resource group 'Essential'
11:45:11: Added resource location '../../Media/packs/SdkTrays.zip' of type 'Zip' to resource group 'Essential'
11:45:11: Added resource location '../../Media/packs/profiler.zip' of type 'Zip' to resource group 'Essential'
11:45:11: Added resource location '../../Media' of type 'FileSystem' to resource group 'General'
11:45:11: Creating resource group Popular
11:45:11: Added resource location '../../Media/fonts' of type 'FileSystem' to resource group 'Popular'
11:45:11: Added resource location '../../Media/materials/programs' of type 'FileSystem' to resource group 'Popular'
11:45:11: Added resource location '../../Media/materials/scripts' of type 'FileSystem' to resource group 'Popular'
11:45:11: Added resource location '../../Media/materials/textures' of type 'FileSystem' to resource group 'Popular'
11:45:11: Added resource location '../../Media/materials/textures/nvidia' of type 'FileSystem' to resource group 'Popular'
11:45:11: Added resource location '../../Media/models' of type 'FileSystem' to resource group 'Popular'
11:45:11: Added resource location '../../Media/particle' of type 'FileSystem' to resource group 'Popular'
11:45:11: Added resource location '../../Media/DeferredShadingMedia' of type 'FileSystem' to resource group 'Popular'
11:45:11: Added resource location '../../Media/PCZAppMedia' of type 'FileSystem' to resource group 'Popular'
11:45:11: Added resource location '../../Media/RTShaderLib' of type 'FileSystem' to resource group 'Popular'
11:45:11: Added resource location '../../Media/RTShaderLib/materials' of type 'FileSystem' to resource group 'Popular'
11:45:12: Added resource location '../../Media/materials/scripts/SSAO' of type 'FileSystem' to resource group 'Popular'
11:45:12: Added resource location '../../Media/materials/textures/SSAO' of type 'FileSystem' to resource group 'Popular'
11:45:12: Added resource location '../../Media/volumeTerrain' of type 'FileSystem' to resource group 'Popular'
11:45:12: Added resource location '../../Media/packs/cubemap.zip' of type 'Zip' to resource group 'Popular'
11:45:12: Added resource location '../../Media/packs/cubemapsJS.zip' of type 'Zip' to resource group 'Popular'
11:45:12: Added resource location '../../Media/packs/dragon.zip' of type 'Zip' to resource group 'Popular'
11:45:12: Added resource location '../../Media/packs/fresneldemo.zip' of type 'Zip' to resource group 'Popular'
11:45:12: Added resource location '../../Media/packs/ogretestmap.zip' of type 'Zip' to resource group 'Popular'
11:45:12: Added resource location '../../Media/packs/ogredance.zip' of type 'Zip' to resource group 'Popular'
11:45:12: Added resource location '../../Media/packs/Sinbad.zip' of type 'Zip' to resource group 'Popular'
11:45:12: Added resource location '../../Media/packs/skybox.zip' of type 'Zip' to resource group 'Popular'
11:45:12: Added resource location '../../Media/volumeTerrain/volumeTerrainBig.zip' of type 'Zip' to resource group 'Popular'
11:45:12: Creating resource group Tests
11:45:12: Added resource location '../../Tests/Media' of type 'FileSystem' to resource group 'Tests'
11:45:14: CPU Identifier & Features
11:45:14: -------------------------
11:45:14:  *   CPU ID: GenuineIntel: Intel(R) Core(TM) i7 CPU         930  @ 2.80GHz
11:45:14:  *      SSE: yes
11:45:14:  *     SSE2: yes
11:45:14:  *     SSE3: yes
11:45:14:  *      MMX: yes
11:45:14:  *   MMXEXT: yes
11:45:14:  *    3DNOW: no
11:45:14:  * 3DNOWEXT: no
11:45:14:  *     CMOV: yes
11:45:14:  *      TSC: yes
11:45:14:  *      FPU: yes
11:45:14:  *      PRO: yes
11:45:14:  *       HT: no
11:45:14: -------------------------
11:45:14: *** Starting Win32GL Subsystem ***
11:45:14: Registering ResourceManager for type Texture
11:45:14: GLRenderSystem::_createRenderWindow "OgreBulletStereo Render Window", 1024x768 windowed  miscParams: FSAA=0 FSAAHint= colourDepth=32 displayFrequency=0 gamma=false vsync=false vsyncInterval=1 
11:45:14: Created Win32Window 'OgreBulletStereo Render Window' : 1040x806, 32bpp
11:45:14: GL_VERSION = 4.4.0
11:45:14: GL_VENDOR = NVIDIA Corporation
11:45:14: GL_RENDERER = GeForce GTX 470/PCIe/SSE2
11:45:14: GL_EXTENSIONS = GL_AMD_multi_draw_indirect GL_ARB_arrays_of_arrays GL_ARB_base_instance GL_ARB_blend_func_extended GL_ARB_buffer_storage GL_ARB_clear_buffer_object GL_ARB_clear_texture GL_ARB_color_buffer_float GL_ARB_compatibility GL_ARB_compressed_texture_pixel_storage GL_ARB_conservative_depth GL_ARB_compute_shader GL_ARB_compute_variable_group_size GL_ARB_copy_buffer GL_ARB_copy_image GL_ARB_debug_output GL_ARB_depth_buffer_float GL_ARB_depth_clamp GL_ARB_depth_texture GL_ARB_draw_buffers GL_ARB_draw_buffers_blend GL_ARB_draw_indirect GL_ARB_draw_elements_base_vertex GL_ARB_draw_instanced GL_ARB_enhanced_layouts GL_ARB_ES2_compatibility GL_ARB_ES3_compatibility GL_ARB_explicit_attrib_location GL_ARB_explicit_uniform_location GL_ARB_fragment_coord_conventions GL_ARB_fragment_layer_viewport GL_ARB_fragment_program GL_ARB_fragment_program_shadow GL_ARB_fragment_shader GL_ARB_framebuffer_no_attachments GL_ARB_framebuffer_object GL_ARB_framebuffer_sRGB GL_ARB_geometry_shader4 GL_ARB_get_program_binary GL_ARB_gpu_shader5 GL_ARB_gpu_shader_fp64 GL_ARB_half_float_pixel GL_ARB_half_float_vertex GL_ARB_imaging GL_ARB_indirect_parameters GL_ARB_instanced_arrays GL_ARB_internalformat_query GL_ARB_internalformat_query2 GL_ARB_invalidate_subdata GL_ARB_map_buffer_alignment GL_ARB_map_buffer_range GL_ARB_multi_bind GL_ARB_multi_draw_indirect GL_ARB_multisample GL_ARB_multitexture GL_ARB_occlusion_query GL_ARB_occlusion_query2 GL_ARB_pixel_buffer_object GL_ARB_point_parameters GL_ARB_point_sprite GL_ARB_program_interface_query GL_ARB_provoking_vertex GL_ARB_robust_buffer_access_behavior GL_ARB_robustness GL_ARB_sample_shading GL_ARB_sampler_objects GL_ARB_seamless_cube_map GL_ARB_separate_shader_objects GL_ARB_shader_atomic_counters GL_ARB_shader_bit_encoding GL_ARB_shader_draw_parameters GL_ARB_shader_group_vote GL_ARB_shader_image_load_store GL_ARB_shader_image_size GL_ARB_shader_objects GL_ARB_shader_precision GL_ARB_query_buffer_object GL_ARB_shader_storage_buffer_object GL_ARB_shader_subroutine GL_ARB_shader_texture_lod GL_ARB_shading_language_100 GL_ARB_shading_language_420pack GL_ARB_shading_language_include GL_ARB_shading_language_packing GL_ARB_shadow GL_ARB_stencil_texturing GL_ARB_sync GL_ARB_tessellation_shader GL_ARB_texture_border_clamp GL_ARB_texture_buffer_object GL_ARB_texture_buffer_object_rgb32 GL_ARB_texture_buffer_range GL_ARB_texture_compression GL_ARB_texture_compression_bptc GL_ARB_texture_compression_rgtc GL_ARB_texture_cube_map GL_ARB_texture_cube_map_array GL_ARB_texture_env_add GL_ARB_texture_env_combine GL_ARB_texture_env_crossbar GL_ARB_texture_env_dot3 GL_ARB_texture_float GL_ARB_texture_gather GL_ARB_texture_mirror_clamp_to_edge GL_ARB_texture_mirrored_repeat GL_ARB_texture_multisample GL_ARB_texture_non_power_of_two GL_ARB_texture_query_levels GL_ARB_texture_query_lod GL_ARB_texture_rectangle GL_ARB_texture_rg GL_ARB_texture_rgb10_a2ui GL_ARB_texture_stencil8 GL_ARB_texture_storage GL_ARB_texture_storage_multisample GL_ARB_texture_swizzle GL_ARB_texture_view GL_ARB_timer_query GL_ARB_transform_feedback2 GL_ARB_transform_feedback3 GL_ARB_transform_feedback_instanced GL_ARB_transpose_matrix GL_ARB_uniform_buffer_object GL_ARB_vertex_array_bgra GL_ARB_vertex_array_object GL_ARB_vertex_attrib_64bit GL_ARB_vertex_attrib_binding GL_ARB_vertex_buffer_object GL_ARB_vertex_program GL_ARB_vertex_shader GL_ARB_vertex_type_10f_11f_11f_rev GL_ARB_vertex_type_2_10_10_10_rev GL_ARB_viewport_array GL_ARB_window_pos GL_ATI_draw_buffers GL_ATI_texture_float GL_ATI_texture_mirror_once GL_S3_s3tc GL_EXT_texture_env_add GL_EXT_abgr GL_EXT_bgra GL_EXT_bindable_uniform GL_EXT_blend_color GL_EXT_blend_equation_separate GL_EXT_blend_func_separate GL_EXT_blend_minmax GL_EXT_blend_subtract GL_EXT_compiled_vertex_array GL_EXT_Cg_shader GL_EXT_depth_bounds_test GL_EXT_direct_state_access GL_EXT_draw_buffers2 GL_EXT_draw_instanced GL_EXT_draw_range_elements GL_EXT_fog_coord GL_EXT_framebuffer_blit GL_EXT_framebuffer_multisample GL_EXTX_framebuffer_mixed_formats GL_EXT_framebuffer_multisample_blit_scaled GL_EXT_framebuffer_object GL_EXT_framebuffer_sRGB GL_EXT_geometry_shader4 GL_EXT_gpu_program_parameters GL_EXT_gpu_shader4 GL_EXT_multi_draw_arrays GL_EXT_packed_depth_stencil GL_EXT_packed_float GL_EXT_packed_pixels GL_EXT_pixel_buffer_object GL_EXT_point_parameters GL_EXT_provoking_vertex GL_EXT_rescale_normal GL_EXT_secondary_color GL_EXT_separate_shader_objects GL_EXT_separate_specular_color GL_EXT_shader_integer_mix GL_EXT_shader_image_load_store GL_EXT_shadow_funcs GL_EXT_stencil_two_side GL_EXT_stencil_wrap GL_EXT_texture3D GL_EXT_texture_array GL_EXT_texture_buffer_object GL_EXT_texture_compression_dxt1 GL_EXT_texture_compression_latc GL_EXT_texture_compression_rgtc GL_EXT_texture_compression_s3tc GL_EXT_texture_cube_map GL_EXT_texture_edge_clamp GL_EXT_texture_env_combine GL_EXT_texture_env_dot3 GL_EXT_texture_filter_anisotropic GL_EXT_texture_integer GL_EXT_texture_lod GL_EXT_texture_lod_bias GL_EXT_texture_mirror_clamp GL_EXT_texture_object GL_EXT_texture_shared_exponent GL_EXT_texture_sRGB GL_EXT_texture_sRGB_decode GL_EXT_texture_storage GL_EXT_texture_swizzle GL_EXT_timer_query GL_EXT_transform_feedback2 GL_EXT_vertex_array GL_EXT_vertex_array_bgra GL_EXT_vertex_attrib_64bit GL_EXT_import_sync_object GL_IBM_rasterpos_clip GL_IBM_texture_mirrored_repeat GL_KHR_debug GL_KTX_buffer_region GL_NV_bindless_multi_draw_indirect GL_NV_blend_equation_advanced GL_NV_blend_square GL_NV_compute_program5 GL_NV_conditional_render GL_NV_copy_depth_to_color GL_NV_copy_image GL_NV_depth_buffer_float GL_NV_depth_clamp GL_NV_draw_texture GL_NV_ES1_1_compatibility GL_NV_explicit_multisample GL_NV_fence GL_NV_float_buffer GL_NV_fog_distance GL_NV_fragment_program GL_NV_fragment_program_option GL_NV_fragment_program2 GL_NV_framebuffer_multisample_coverage GL_NV_geometry_shader4 GL_NV_gpu_program4 GL_NV_gpu_program4_1 GL_NV_gpu_program5 GL_NV_gpu_program5_mem_extended GL_NV_gpu_program_fp64 GL_NV_gpu_shader5 GL_NV_half_float GL_NV_light_max_exponent GL_NV_multisample_coverage GL_NV_multisample_filter_hint GL_NV_occlusion_query GL_NV_packed_depth_stencil GL_NV_parameter_buffer_object GL_NV_parameter_buffer_object2 GL_NV_path_rendering GL_NV_pixel_data_range GL_NV_point_sprite GL_NV_primitive_restart GL_NV_register_combiners GL_NV_register_combiners2 GL_NV_shader_atomic_counters GL_NV_shader_atomic_float GL_NV_shader_buffer_load GL_NV_shader_storage_buffer_object GL_ARB_sparse_texture GL_NV_texgen_reflection GL_NV_texture_barrier GL_NV_texture_compression_vtc GL_NV_texture_env_combine4 GL_NV_texture_expand_normal GL_NV_texture_multisample GL_NV_texture_rectangle GL_NV_texture_shader GL_NV_texture_shader2 GL_NV_texture_shader3 GL_NV_transform_feedback GL_NV_transform_feedback2 GL_NV_vertex_array_range GL_NV_vertex_array_range2 GL_NV_vertex_attrib_integer_64bit GL_NV_vertex_buffer_unified_memory GL_NV_vertex_program GL_NV_vertex_program1_1 GL_NV_vertex_program2 GL_NV_vertex_program2_option GL_NV_vertex_program3 GL_NVX_conditional_render GL_NVX_gpu_memory_info GL_NV_shader_thread_group GL_SGIS_generate_mipmap GL_SGIS_texture_lod GL_SGIX_depth_texture GL_SGIX_shadow GL_SUN_slice_accum GL_WIN_swap_hint WGL_EXT_swap_control 
11:45:14: Supported WGL extensions: WGL_ARB_buffer_region WGL_ARB_create_context WGL_ARB_create_context_profile WGL_ARB_create_context_robustness WGL_ARB_extensions_string WGL_ARB_make_current_read WGL_ARB_multisample WGL_ARB_pbuffer WGL_ARB_pixel_format WGL_ARB_pixel_format_float WGL_ARB_render_texture WGL_ATI_pixel_format_float WGL_EXT_create_context_es_profile WGL_EXT_create_context_es2_profile WGL_EXT_extensions_string WGL_EXT_framebuffer_sRGB WGL_EXT_pixel_format_packed_float WGL_EXT_swap_control WGL_EXT_swap_control_tear WGL_NVX_DX_interop WGL_NV_DX_interop WGL_NV_DX_interop2 WGL_NV_delay_before_swap WGL_NV_float_buffer WGL_NV_multisample_coverage WGL_NV_render_depth_texture WGL_NV_render_texture_rectangle 
11:45:14: ***************************
11:45:14: *** GL Renderer Started ***
11:45:14: ***************************
11:45:14: Registering ResourceManager for type GpuProgram
11:45:14: GLSL support detected
11:45:14: GL: Using GL_EXT_framebuffer_object for rendering to textures (best)
11:45:14: FBO PF_UNKNOWN depth/stencil support: D0S8 D16S0 D24S0 D32S0 Packed-D24S8 
11:45:14: FBO PF_L8 depth/stencil support: D0S0 D0S8 D16S0 D24S0 D32S0 Packed-D24S8 
11:45:14: FBO PF_A8 depth/stencil support: D0S0 D0S8 D16S0 D24S0 D32S0 Packed-D24S8 
11:45:14: FBO PF_A4L4 depth/stencil support: D0S0 D0S8 D16S0 D24S0 D32S0 Packed-D24S8 
11:45:14: FBO PF_BYTE_LA depth/stencil support: D0S0 D0S8 D16S0 D24S0 D32S0 Packed-D24S8 
11:45:14: FBO PF_R5G6B5 depth/stencil support: D0S0 D0S8 D16S0 D24S0 D32S0 Packed-D24S8 
11:45:14: FBO PF_B5G6R5 depth/stencil support: D0S0 D0S8 D16S0 D24S0 D32S0 Packed-D24S8 
11:45:14: FBO PF_A4R4G4B4 depth/stencil support: D0S0 D0S8 D16S0 D24S0 D32S0 Packed-D24S8 
11:45:14: FBO PF_A1R5G5B5 depth/stencil support: D0S0 D0S8 D16S0 D24S0 D32S0 Packed-D24S8 
11:45:14: FBO PF_R8G8B8 depth/stencil support: D0S0 D0S8 D16S0 D24S0 D32S0 Packed-D24S8 
11:45:14: FBO PF_B8G8R8 depth/stencil support: D0S0 D0S8 D16S0 D24S0 D32S0 Packed-D24S8 
11:45:14: FBO PF_A8R8G8B8 depth/stencil support: D0S0 D0S8 D16S0 D24S0 D32S0 Packed-D24S8 
11:45:14: FBO PF_B8G8R8A8 depth/stencil support: D0S0 D0S8 D16S0 D24S0 D32S0 Packed-D24S8 
11:45:14: FBO PF_A2R10G10B10 depth/stencil support: D0S0 D0S8 D16S0 D24S0 D32S0 Packed-D24S8 
11:45:14: FBO PF_A2B10G10R10 depth/stencil support: D0S0 D0S8 D16S0 D24S0 D32S0 Packed-D24S8 
11:45:14: FBO PF_FLOAT16_RGB depth/stencil support: D0S0 D0S8 D16S0 D24S0 D32S0 Packed-D24S8 
11:45:14: FBO PF_FLOAT16_RGBA depth/stencil support: D0S0 D0S8 D16S0 D24S0 D32S0 Packed-D24S8 
11:45:15: FBO PF_FLOAT32_RGB depth/stencil support: D0S0 D0S8 D16S0 D24S0 D32S0 Packed-D24S8 
11:45:15: FBO PF_FLOAT32_RGBA depth/stencil support: D0S0 D0S8 D16S0 D24S0 D32S0 Packed-D24S8 
11:45:15: FBO PF_X8R8G8B8 depth/stencil support: D0S0 D0S8 D16S0 D24S0 D32S0 Packed-D24S8 
11:45:15: FBO PF_X8B8G8R8 depth/stencil support: D0S0 D0S8 D16S0 D24S0 D32S0 Packed-D24S8 
11:45:15: FBO PF_SHORT_RGBA depth/stencil support: D0S0 D0S8 D16S0 D24S0 D32S0 Packed-D24S8 
11:45:15: FBO PF_R3G3B2 depth/stencil support: D0S0 D0S8 D16S0 D24S0 D32S0 Packed-D24S8 
11:45:15: FBO PF_FLOAT16_R depth/stencil support: D0S0 D0S8 D16S0 D24S0 D32S0 Packed-D24S8 
11:45:15: FBO PF_FLOAT32_R depth/stencil support: D0S0 D0S8 D16S0 D24S0 D32S0 Packed-D24S8 
11:45:15: FBO PF_FLOAT16_GR depth/stencil support: D0S0 D0S8 D16S0 D24S0 D32S0 Packed-D24S8 
11:45:15: FBO PF_FLOAT32_GR depth/stencil support: D0S0 D0S8 D16S0 D24S0 D32S0 Packed-D24S8 
11:45:15: FBO PF_SHORT_RGB depth/stencil support: D0S0 D0S8 D16S0 D24S0 D32S0 Packed-D24S8 
11:45:15: [GL] : Valid FBO targets PF_UNKNOWN PF_L8 PF_A8 PF_A4L4 PF_BYTE_LA PF_R5G6B5 PF_B5G6R5 PF_A4R4G4B4 PF_A1R5G5B5 PF_R8G8B8 PF_B8G8R8 PF_A8R8G8B8 PF_B8G8R8A8 PF_A2R10G10B10 PF_A2B10G10R10 PF_FLOAT16_RGB PF_FLOAT16_RGBA PF_FLOAT32_RGB PF_FLOAT32_RGBA PF_X8R8G8B8 PF_X8B8G8R8 PF_SHORT_RGBA PF_R3G3B2 PF_FLOAT16_R PF_FLOAT32_R PF_FLOAT16_GR PF_FLOAT32_GR PF_SHORT_RGB 
11:45:15: RenderSystem capabilities
11:45:15: -------------------------
11:45:15: RenderSystem Name: OpenGL Rendering Subsystem
11:45:15: GPU Vendor: nvidia
11:45:15: Device Name: GeForce GTX 470/PCIe/SSE2
11:45:15: Driver Version: 4.4.0.0
11:45:15:  * Fixed function pipeline: yes
11:45:15:  * Hardware generation of mipmaps: yes
11:45:15:  * Texture blending: yes
11:45:15:  * Anisotropic texture filtering: yes
11:45:15:  * Dot product texture operation: yes
11:45:15:  * Cube mapping: yes
11:45:15:  * Hardware stencil buffer: yes
11:45:15:    - Stencil depth: 8
11:45:15:    - Two sided stencil support: yes
11:45:15:    - Wrap stencil values: yes
11:45:15:  * Hardware vertex / index buffers: yes
11:45:15:  * 32-bit index buffers: yes
11:45:15:  * Vertex programs: yes
11:45:15:  * Number of floating-point constants for vertex programs: 1024
11:45:15:  * Number of integer constants for vertex programs: 0
11:45:15:  * Number of boolean constants for vertex programs: 0
11:45:15:  * Fragment programs: yes
11:45:15:  * Number of floating-point constants for fragment programs: 512
11:45:15:  * Number of integer constants for fragment programs: 0
11:45:15:  * Number of boolean constants for fragment programs: 0
11:45:15:  * Geometry programs: yes
11:45:15:  * Number of floating-point constants for geometry programs: 2048
11:45:15:  * Number of integer constants for geometry programs: 0
11:45:15:  * Number of boolean constants for geometry programs: 0
11:45:15:  * Tesselation Hull programs: no
11:45:15:  * Number of floating-point constants for tesselation hull programs: 60
11:45:15:  * Number of integer constants for tesselation hull programs: 0
11:45:15:  * Number of boolean constants for tesselation hull programs: 52428
11:45:15:  * Tesselation Domain programs: no
11:45:15:  * Number of floating-point constants for tesselation domain programs: 52428
11:45:15:  * Number of integer constants for tesselation domain programs: 52428
11:45:15:  * Number of boolean constants for tesselation domain programs: 52428
11:45:15:  * Compute programs: no
11:45:15:  * Number of floating-point constants for compute programs: 52428
11:45:15:  * Number of integer constants for compute programs: 52428
11:45:15:  * Number of boolean constants for compute programs: 52428
11:45:15:  * Supported Shader Profiles: arbfp1 arbvp1 fp20 fp30 fp40 glsl glsl100 glsl110 glsl120 gp4fp gp4gp gp4vp gpu_fp gpu_gp gpu_vp nvgp4 vp30 vp40
11:45:15:  * Texture Compression: yes
11:45:15:    - DXT: yes
11:45:15:    - VTC: yes
11:45:15:    - PVRTC: no
11:45:15:    - ATC: no
11:45:15:    - ETC1: no
11:45:15:    - ETC2: no
11:45:15:    - BC4/BC5: no
11:45:15:    - BC6H/BC7: no
11:45:15:  * Scissor Rectangle: yes
11:45:15:  * Hardware Occlusion Query: yes
11:45:15:  * User clip planes: yes
11:45:15:  * VET_UBYTE4 vertex element type: yes
11:45:15:  * Infinite far plane projection: yes
11:45:15:  * Hardware render-to-texture: yes
11:45:15:  * Floating point textures: yes
11:45:15:  * Non-power-of-two textures: yes
11:45:15:  * 1d textures: yes
11:45:15:  * Volume textures: yes
11:45:15:  * Multiple Render Targets: 8
11:45:15:    - With different bit depths: yes
11:45:15:  * Point Sprites: yes
11:45:15:  * Extended point parameters: yes
11:45:15:  * Max Point Size: 2047
11:45:15:  * Vertex texture fetch: yes
11:45:15:  * Number of world matrices: 0
11:45:15:  * Number of texture units: 16
11:45:15:  * Stencil buffer depth: 8
11:45:15:  * Number of vertex blend matrices: 0
11:45:15:    - Max vertex textures: 32
11:45:15:    - Vertex textures shared: yes
11:45:15:  * Render to Vertex Buffer : yes
11:45:15:  * Hardware Atomic Counters: no
11:45:15:  * GL 1.5 without VBO workaround: no
11:45:15:  * Frame Buffer objects: yes
11:45:15:  * Frame Buffer objects (ARB extension): no
11:45:15:  * Frame Buffer objects (ATI extension): no
11:45:15:  * PBuffer support: yes
11:45:15:  * GL 1.5 without HW-occlusion workaround: no
11:45:15:  * Vertex Array Objects: no
11:45:15:  * Separate shader objects: no
11:45:15:  * Quad Buffer: no
11:45:15: DefaultWorkQueue('Root') initialising on thread 1010.
11:45:15: DefaultWorkQueue('Root')::WorkerFunc - thread 124c starting.
11:45:15: DefaultWorkQueue('Root')::WorkerFunc - thread 2a8 starting.
11:45:15: DefaultWorkQueue('Root')::WorkerFunc - thread 704 starting.
11:45:15: DefaultWorkQueue('Root')::WorkerFunc - thread 1594 starting.
11:45:15: DefaultWorkQueue('Root')::WorkerFunc - thread ac0 starting.
11:45:15: DefaultWorkQueue('Root')::WorkerFunc - thread fc starting.
11:45:15: DefaultWorkQueue('Root')::WorkerFunc - thread 1984 starting.
11:45:15: DefaultWorkQueue('Root')::WorkerFunc - thread 1b18 starting.
11:45:15: Particle Renderer Type 'billboard' registered
11:45:15: SceneManagerFactory for type 'BspSceneManager' registered.
11:45:15: Registering ResourceManager for type BspLevel
11:45:15: SceneManagerFactory for type 'PCZSceneManager' registered.
11:45:15: MovableObjectFactory for type 'PCZLight' registered.
11:45:15: MovableObjectFactory for type 'Portal' registered.
11:45:15: MovableObjectFactory for type 'AntiPortal' registered.
11:45:15: PCZone Factory Type 'ZoneType_Octree' registered
11:45:15: SceneManagerFactory for type 'OctreeSceneManager' registered.
11:45:15: Can't assign material RTTViewerMaterialLeft to the ManualObject ViewerScreenLeft because this Material does not exist. Have you forgotten to define it in a .material script?
11:45:15: Can't assign material RTTViewerMaterialRight to the ManualObject ViewerScreenRight because this Material does not exist. Have you forgotten to define it in a .material script?
11:45:15: Parsing scripts for resource group Autodetect
11:45:15: Finished parsing scripts for resource group Autodetect
11:45:15: Creating resources for group Autodetect
11:45:15: All done
11:45:15: Parsing scripts for resource group Essential
11:45:15: Parsing script SdkTrays.material
11:45:15: Parsing script OgreProfiler.material
11:45:15: Parsing script SdkTrays.fontdef
11:45:15: Parsing script SdkTrays.overlay
11:45:15: Texture: sdk_cursor.png: Loading 1 faces(PF_A8R8G8B8,32x32x1) with 3 hardware generated mipmaps from Image. Internal format is PF_A8R8G8B8,32x32x1.
11:45:15: Texture: sdk_tray.png: Loading 1 faces(PF_A8R8G8B8,64x64x1) with 3 hardware generated mipmaps from Image. Internal format is PF_A8R8G8B8,64x64x1.
11:45:15: Texture: sdk_button_up.png: Loading 1 faces(PF_A8R8G8B8,128x32x1) with 3 hardware generated mipmaps from Image. Internal format is PF_A8R8G8B8,128x32x1.
11:45:15: Texture: sdk_text_box.png: Loading 1 faces(PF_A8R8G8B8,32x32x1) with 3 hardware generated mipmaps from Image. Internal format is PF_A8R8G8B8,32x32x1.
11:45:15: Texture: sdk_mini_tray.png: Loading 1 faces(PF_A8R8G8B8,32x32x1) with 3 hardware generated mipmaps from Image. Internal format is PF_A8R8G8B8,32x32x1.
11:45:15: Texture: sdk_track.png: Loading 1 faces(PF_A8R8G8B8,16x32x1) with 3 hardware generated mipmaps from Image. Internal format is PF_A8R8G8B8,16x32x1.
11:45:15: Texture: sdk_handle.png: Loading 1 faces(PF_A8R8G8B8,16x16x1) with 3 hardware generated mipmaps from Image. Internal format is PF_A8R8G8B8,16x16x1.
11:45:15: Texture: sdk_mini_text_box.png: Loading 1 faces(PF_A8R8G8B8,32x32x1) with 3 hardware generated mipmaps from Image. Internal format is PF_A8R8G8B8,32x32x1.
11:45:15: Texture: sdk_label.png: Loading 1 faces(PF_A8R8G8B8,32x32x1) with 3 hardware generated mipmaps from Image. Internal format is PF_A8R8G8B8,32x32x1.
11:45:15: Texture: sdk_separator.png: Loading 1 faces(PF_A8R8G8B8,64x16x1) with 3 hardware generated mipmaps from Image. Internal format is PF_A8R8G8B8,64x16x1.
11:45:15: Texture: sdk_logo.png: Loading 1 faces(PF_A8R8G8B8,128x64x1) with 3 hardware generated mipmaps from Image. Internal format is PF_A8R8G8B8,128x64x1.
11:45:15: Texture: sdk_shade.png: Loading 1 faces(PF_A8R8G8B8,64x48x1) with 3 hardware generated mipmaps from Image. Internal format is PF_A8R8G8B8,64x48x1.
11:45:15: Texture: sdk_frame.png: Loading 1 faces(PF_A8R8G8B8,32x32x1) with 3 hardware generated mipmaps from Image. Internal format is PF_A8R8G8B8,32x32x1.
11:45:15: Texture: sdk_mini_text_box_over.png: Loading 1 faces(PF_A8R8G8B8,32x32x1) with 3 hardware generated mipmaps from Image. Internal format is PF_A8R8G8B8,32x32x1.
11:45:15: Texture: sdk_pulse.png: Loading 1 faces(PF_R8G8B8,8x1x1) with 3 hardware generated mipmaps from Image. Internal format is PF_X8R8G8B8,8x1x1.
11:45:15: Finished parsing scripts for resource group Essential
11:45:15: Creating resources for group Essential
11:45:15: All done
11:45:15: Parsing scripts for resource group General
11:45:15: Parsing script Ball.material
11:45:15: Parsing script Book.material
11:45:15: Parsing script cube_max.material
11:45:15: Parsing script DepthMap.material
11:45:15: Compiler error: unknown error in DepthMap.material(30): token "receive_shadows" is not recognized
11:45:15: Compiler error: unknown error in DepthMap.material(47): token "receive_shadows" is not recognized
11:45:15: Parsing script Filz.material
11:45:15: Parsing script green_sphere.material
11:45:15: Parsing script Holz.material
11:45:15: Parsing script MultitouchShadow.material
11:45:15: Parsing script navigation_panel.material
11:45:15: Compiler error: unknown error in navigation_panel.material(9): token "receive_shadows" is not recognized
11:45:15: Compiler error: unknown error in navigation_panel.material(29): token "receive_shadows" is not recognized
11:45:15: Parsing script Ogre.material
11:45:15: Parsing script red_sphere.material
11:45:15: Parsing script ring1.material
11:45:15: Parsing script ring2.material
11:45:15: Parsing script ring3.material
11:45:15: Parsing script ring_big.material
11:45:15: Parsing script ring_mid.material
11:45:15: Parsing script ring_small.material
11:45:15: Parsing script RTTCaveWall.material
11:45:15: Parsing script Scene.material
11:45:15: Parsing script scene_objects.material
11:45:15: Parsing script ShadowVolumeMaterial.material
11:45:15: Parsing script table.material
11:45:15: Parsing script tower.material
11:45:15: Parsing script tower_game.material
11:45:15: Finished parsing scripts for resource group General
11:45:15: Creating resources for group General
11:45:15: All done
11:45:15: Parsing scripts for resource group Internal
11:45:15: Finished parsing scripts for resource group Internal
11:45:15: Creating resources for group Internal
11:45:15: All done
11:45:15: Parsing scripts for resource group Popular
11:45:15: Parsing script Instancing.program
11:45:15: Parsing script DualQuaternion.program
11:45:15: Parsing script Examples.program
11:45:16: OGRE EXCEPTION(6:FileNotFoundException): Cannot locate resource DiffuseOneTexture.glsl in resource group Popular or any other group. in ResourceGroupManager::openResource at ..\..\..\OgreMain\src\OgreResourceGroupManager.cpp (line 756)
11:45:16: High-level program Ogre/BasicFragmentPrograms/DiffuseOneTextureGLSL encountered an error during loading and is thus not supported.
OGRE EXCEPTION(6:FileNotFoundException): Cannot locate resource DiffuseOneTexture.glsl in resource group Popular or any other group. in ResourceGroupManager::openResource at ..\..\..\OgreMain\src\OgreResourceGroupManager.cpp (line 756)
11:45:16: OGRE EXCEPTION(2:InvalidParametersException): Named constants have not been initialised, perhaps a compile error. in GpuProgramParameters::_findNamedConstantDefinition at ..\..\..\OgreMain\src\OgreGpuProgramParams.cpp (line 1709)
11:45:16: Compiler error: invalid parameters in Examples.program(142): setting of constant failed
11:45:16: Parsing script Instancing.program
11:45:16: Parsing script StdQuad_vp.program
11:45:16: OGRE EXCEPTION(2:InvalidParametersException): Parameter called worldViewProj does not exist.  in GpuProgramParameters::_findNamedConstantDefinition at ..\..\..\OgreMain\src\OgreGpuProgramParams.cpp (line 1719)
11:45:16: Compiler error: invalid parameters in StdQuad_vp.program(66): setting of constant failed
11:45:16: Parsing script deferred_post.program
11:45:16: Parsing script ShadowCaster.program
11:45:16: Parsing script GBuffer.program
11:45:16: Parsing script triplanarReference.program
11:45:16: Parsing script AdaptivePNTrianglesTessellation.material
11:45:16: Parsing script ASCII.material
11:45:16: Parsing script ASMSwizzle.material
11:45:16: Parsing script BlackAndWhite.material
11:45:16: Parsing script Bloom.material
11:45:16: OGRE EXCEPTION(2:InvalidParametersException): Parameter called worldViewProj does not exist.  in GpuProgramParameters::_findNamedConstantDefinition at ..\..\..\OgreMain\src\OgreGpuProgramParams.cpp (line 1719)
11:45:16: Compiler error: invalid parameters in Bloom.material(38): setting of constant failed
11:45:16: OGRE EXCEPTION(2:InvalidParametersException): Parameter called worldViewProj does not exist.  in GpuProgramParameters::_findNamedConstantDefinition at ..\..\..\OgreMain\src\OgreGpuProgramParams.cpp (line 1719)
11:45:16: Compiler error: invalid parameters in Bloom.material(46): setting of constant failed
11:45:16: Parsing script Bloom2.material
11:45:16: OGRE EXCEPTION(2:InvalidParametersException): Parameter called worldViewProj does not exist.  in GpuProgramParameters::_findNamedConstantDefinition at ..\..\..\OgreMain\src\OgreGpuProgramParams.cpp (line 1719)
11:45:16: Compiler error: invalid parameters in Bloom2.material(26): setting of constant failed
11:45:16: Parsing script CGSwizzle.material
11:45:16: Parsing script CompositorDemo.material
11:45:16: Parsing script DepthShadowmap.material
11:45:16: Parsing script Dither.material
11:45:16: Parsing script DOF.material
11:45:16: Parsing script DualQuaternion.material
11:45:16: Parsing script Embossed.material
11:45:16: Parsing script Example-Water.material
11:45:16: Parsing script Examples-Advanced.material
11:45:16: Compiler error: object unsupported by render system in Examples-Advanced.material(640): , Shader name: Examples/FresnelRefractReflectPS
11:45:16: Parsing script Examples-DynTex.material
11:45:16: OGRE EXCEPTION(6:FileNotFoundException): Cannot locate resource Dyn-Text.cg in resource group Popular or any other group. in ResourceGroupManager::openResource at ..\..\..\OgreMain\src\OgreResourceGroupManager.cpp (line 756)
11:45:16: High-level program Ogre/Dyn_Text_VS_CG encountered an error during loading and is thus not supported.
OGRE EXCEPTION(6:FileNotFoundException): Cannot locate resource Dyn-Text.cg in resource group Popular or any other group. in ResourceGroupManager::openResource at ..\..\..\OgreMain\src\OgreResourceGroupManager.cpp (line 756)
11:45:16: OGRE EXCEPTION(2:InvalidParametersException): Named constants have not been initialised, perhaps a compile error. in GpuProgramParameters::_findNamedConstantDefinition at ..\..\..\OgreMain\src\OgreGpuProgramParams.cpp (line 1709)
11:45:16: Compiler error: invalid parameters in Examples-DynTex.material(9): setting of constant failed
11:45:16: OGRE EXCEPTION(6:FileNotFoundException): Cannot locate resource Dyn-Text.cg in resource group Popular or any other group. in ResourceGroupManager::openResource at ..\..\..\OgreMain\src\OgreResourceGroupManager.cpp (line 756)
11:45:16: High-level program Ogre/Dyn_Text_PS_CG encountered an error during loading and is thus not supported.
OGRE EXCEPTION(6:FileNotFoundException): Cannot locate resource Dyn-Text.cg in resource group Popular or any other group. in ResourceGroupManager::openResource at ..\..\..\OgreMain\src\OgreResourceGroupManager.cpp (line 756)
11:45:16: Parsing script Examples-Water.material
11:45:16: Parsing script Examples.material
11:45:16: Parsing script facial.material
11:45:16: Parsing script Glass.material
11:45:16: Parsing script GLSLSwizzle.material
11:45:16: Parsing script Halftone.material
11:45:16: Parsing script HandModel.material
11:45:16: Parsing script hdr.material
11:45:16: Parsing script HeatVision.material
11:45:16: Parsing script Hurt.material
11:45:16: Parsing script HWInstancing.material
11:45:16: Parsing script HW_VTFInstancing.material
11:45:16: Parsing script HW_VTF_LUTInstancing.material
11:45:16: Parsing script instancing.material
11:45:16: Parsing script InstancingMisc.material
11:45:16: Parsing script Invert.material
11:45:16: Parsing script IsoSurf.material
11:45:16: Problem parsing the following Cg Uniform: '@TMP29' in file Ogre/IsoSurf/TessellateTetrahedraGS_CG
11:45:16: Parsing script Laplace.material
11:45:16: Parsing script MotionBlur.material
11:45:16: Parsing script MRTtest.material
11:45:16: Parsing script NightVision.material
11:45:16: Parsing script Ocean.material
11:45:16: OGRE EXCEPTION(2:InvalidParametersException): Parameter called worldViewProj does not exist.  in GpuProgramParameters::_findNamedConstantDefinition at ..\..\..\OgreMain\src\OgreGpuProgramParams.cpp (line 1719)
11:45:16: Compiler error: invalid parameters in Ocean.material(56): setting of constant failed
11:45:17: OGRE EXCEPTION(2:InvalidParametersException): Parameter called worldViewProj does not exist.  in GpuProgramParameters::_findNamedConstantDefinition at ..\..\..\OgreMain\src\OgreGpuProgramParams.cpp (line 1719)
11:45:17: Compiler error: invalid parameters in Ocean.material(488): setting of constant failed
11:45:17: Parsing script OffsetMapping.material
11:45:17: Compiler error: object unsupported by render system in OffsetMapping.material(35): , Shader name: Examples/OffsetMappingPSAsm
11:45:17: Parsing script Ogre.material
11:45:17: Parsing script OldMovie.material
11:45:17: Parsing script OldTV.material
11:45:17: Parsing script ParticleGS.material
11:45:17: Parsing script Penguin.material
11:45:17: Parsing script Posterize.material
11:45:17: Parsing script pssm.material
11:45:17: Parsing script RadialBlur.material
11:45:17: Parsing script RasterizationOrder.material
11:45:17: Parsing script RZR-002.material
11:45:17: Parsing script ShaderInstancing.material
11:45:17: Parsing script ShaderSystem.material
11:45:17: Parsing script shadows.material
11:45:17: Parsing script SharpenEdges.material
11:45:17: Parsing script sibenik.material
11:45:17: Parsing script smoke.material
11:45:17: Parsing script Tesselation.material
11:45:17: Parsing script Tiling.material
11:45:17: Parsing script VarianceShadowmap.material
11:45:17: Parsing script VTFInstancing.material
11:45:17: Parsing script Ball.material
11:45:17: Parsing script Filz.material
11:45:17: Parsing script Holz.material
11:45:17: Parsing script Ogre.material
11:45:17: Parsing script RTTCaveWall.material
11:45:17: Parsing script deferreddemo.material
11:45:17: Parsing script deferred_post.material
11:45:17: Parsing script deferred_post_minilight.material
11:45:17: Parsing script ShadowCaster.material
11:45:17: Parsing script ssao.material
11:45:17: Parsing script ROOM.material
11:45:17: Parsing script DualQuaternionSkinning_Shadow.material
11:45:17: OGRE EXCEPTION(6:FileNotFoundException): Cannot locate resource DualQuaternionSkinning_ShadowCasterTwoPhaseTwoWeights.glsl in resource group Popular or any other group. in ResourceGroupManager::openResource at ..\..\..\OgreMain\src\OgreResourceGroupManager.cpp (line 756)
11:45:17: High-level program Ogre/RTShader/shadow_caster_dq_skinning_2weight_twophase_vs_glsl encountered an error during loading and is thus not supported.
OGRE EXCEPTION(6:FileNotFoundException): Cannot locate resource DualQuaternionSkinning_ShadowCasterTwoPhaseTwoWeights.glsl in resource group Popular or any other group. in ResourceGroupManager::openResource at ..\..\..\OgreMain\src\OgreResourceGroupManager.cpp (line 756)
11:45:17: OGRE EXCEPTION(2:InvalidParametersException): Named constants have not been initialised, perhaps a compile error. in GpuProgramParameters::_findNamedConstantDefinition at ..\..\..\OgreMain\src\OgreGpuProgramParams.cpp (line 1709)
11:45:17: Compiler error: invalid parameters in DualQuaternionSkinning_Shadow.material(244): setting of constant failed
11:45:17: OGRE EXCEPTION(2:InvalidParametersException): Named constants have not been initialised, perhaps a compile error. in GpuProgramParameters::_findNamedConstantDefinition at ..\..\..\OgreMain\src\OgreGpuProgramParams.cpp (line 1709)
11:45:17: Compiler error: invalid parameters in DualQuaternionSkinning_Shadow.material(245): setting of constant failed
11:45:17: OGRE EXCEPTION(2:InvalidParametersException): Named constants have not been initialised, perhaps a compile error. in GpuProgramParameters::_findNamedConstantDefinition at ..\..\..\OgreMain\src\OgreGpuProgramParams.cpp (line 1709)
11:45:17: Compiler error: invalid parameters in DualQuaternionSkinning_Shadow.material(246): setting of constant failed
11:45:17: OGRE EXCEPTION(2:InvalidParametersException): Named constants have not been initialised, perhaps a compile error. in GpuProgramParameters::_findNamedConstantDefinition at ..\..\..\OgreMain\src\OgreGpuProgramParams.cpp (line 1709)
11:45:17: Compiler error: invalid parameters in DualQuaternionSkinning_Shadow.material(247): setting of constant failed
11:45:17: Parsing script HardwareSkinningShadow.material
11:45:17: OGRE EXCEPTION(7:InternalErrorException): Unable to compile Cg program Ogre/RTShader/shadow_receiver_vs: The compile returned an error.
(0) : error C3001: no program defined
 in CgProgram::compileMicrocode at ..\..\..\..\PlugIns\CgProgramManager\src\OgreCgProgramManagerDll.cpp (line 67)
11:45:17: High-level program Ogre/RTShader/shadow_receiver_vs encountered an error during loading and is thus not supported.
OGRE EXCEPTION(7:InternalErrorException): Unable to compile Cg program Ogre/RTShader/shadow_receiver_vs: The compile returned an error.
(0) : error C3001: no program defined
 in CgProgram::compileMicrocode at ..\..\..\..\PlugIns\CgProgramManager\src\OgreCgProgramManagerDll.cpp (line 67)
11:45:17: OGRE EXCEPTION(2:InvalidParametersException): Named constants have not been initialised, perhaps a compile error. in GpuProgramParameters::_findNamedConstantDefinition at ..\..\..\OgreMain\src\OgreGpuProgramParams.cpp (line 1709)
11:45:17: Compiler error: invalid parameters in HardwareSkinningShadow.material(206): setting of constant failed
11:45:17: OGRE EXCEPTION(7:InternalErrorException): Unable to compile Cg program Ogre/RTShader/shadow_receiver_ps: The compile returned an error.
(0) : error C3001: no program defined
 in CgProgram::compileMicrocode at ..\..\..\..\PlugIns\CgProgramManager\src\OgreCgProgramManagerDll.cpp (line 67)
11:45:17: High-level program Ogre/RTShader/shadow_receiver_ps encountered an error during loading and is thus not supported.
OGRE EXCEPTION(7:InternalErrorException): Unable to compile Cg program Ogre/RTShader/shadow_receiver_ps: The compile returned an error.
(0) : error C3001: no program defined
 in CgProgram::compileMicrocode at ..\..\..\..\PlugIns\CgProgramManager\src\OgreCgProgramManagerDll.cpp (line 67)
11:45:17: Parsing script RTShaderSystem.material
11:45:17: Compiler error: unknown error in RTShaderSystem.material(23): token "rtshader_system" is not recognized
11:45:17: Compiler error: unknown error in RTShaderSystem.material(52): token "rtshader_system" is not recognized
11:45:17: Compiler error: unknown error in RTShaderSystem.material(81): token "rtshader_system" is not recognized
11:45:17: Compiler error: unknown error in RTShaderSystem.material(110): token "rtshader_system" is not recognized
11:45:17: Compiler error: unknown error in RTShaderSystem.material(146): token "rtshader_system" is not recognized
11:45:17: Compiler error: unknown error in RTShaderSystem.material(81): token "rtshader_system" is not recognized
11:45:17: Compiler error: unknown error in RTShaderSystem.material(162): token "rtshader_system" is not recognized
11:45:17: Compiler error: unknown error in RTShaderSystem.material(81): token "rtshader_system" is not recognized
11:45:17: Compiler error: unknown error in RTShaderSystem.material(110): token "rtshader_system" is not recognized
11:45:17: Compiler error: unknown error in RTShaderSystem.material(211): token "rtshader_system" is not recognized
11:45:17: Parsing script TriplanarTexturing.material
11:45:17: Compiler error: unknown error in TriplanarTexturing.material(9): token "rtshader_system" is not recognized
11:45:17: Parsing script CreaseShading.material
11:45:17: Parsing script Crytek.material
11:45:17: Parsing script GBuffer.material
11:45:17: Parsing script HemisphereMC.material
11:45:17: Parsing script HorizonBased.material
11:45:17: Parsing script Modulate.material
11:45:17: Parsing script ShowDepth.material
11:45:17: Parsing script ShowNormals.material
11:45:17: Parsing script ShowViewPos.material
11:45:17: Parsing script SSAOPost.material
11:45:17: Parsing script UnsharpMask.material
11:45:17: Parsing script Volumetric.material
11:45:17: Parsing script triplanarReference.material
11:45:17: Parsing script RomanBath.material
11:45:18: Parsing script Sinbad.material
11:45:18: Parsing script emitted_emitter.particle
11:45:18: Parsing script Examples-Water.particle
11:45:18: Parsing script Examples.particle
11:45:18: Parsing script smoke.particle
11:45:18: Parsing script Examples.compositor
11:45:18: Parsing script deferred.compositor
11:45:18: Parsing script ssao.compositor
11:45:18: Parsing script SSAO.compositor
11:45:18: Parsing script SSAOPost.compositor
11:45:18: Parsing script sample.fontdef
11:45:18: Finished parsing scripts for resource group Popular
11:45:18: Creating resources for group Popular
11:45:18: All done
11:45:18: Parsing scripts for resource group Tests
11:45:18: Finished parsing scripts for resource group Tests
11:45:18: Creating resources for group Tests
11:45:18: All done
11:45:18: *** Initializing OIS ***
11:45:18: Texture: black.jpg: Loading 1 faces(PF_R8G8B8,39x39x1) with 3 hardware generated mipmaps from Image. Internal format is PF_X8R8G8B8,39x39x1.
11:45:18: Texture: red.jpg: Loading 1 faces(PF_R8G8B8,39x39x1) with 3 hardware generated mipmaps from Image. Internal format is PF_X8R8G8B8,39x39x1.
11:45:18: Texture: spot_shadow_fade.png: Loading 1 faces(PF_R8G8B8,128x128x1) with 3 hardware generated mipmaps from Image. Internal format is PF_X8R8G8B8,128x128x1.
11:45:18: Font SdkTrays/Caption using texture size 512x256
11:45:18: Info: Freetype returned null for character 160 in font SdkTrays/Caption
11:45:18: Texture: SdkTrays/CaptionTexture: Loading 1 faces(PF_BYTE_LA,512x256x1) Internal format is PF_BYTE_LA,512x256x1.
11:45:18: Font SdkTrays/Value using texture size 512x256
11:45:18: Info: Freetype returned null for character 127 in font SdkTrays/Value
11:45:18: Info: Freetype returned null for character 128 in font SdkTrays/Value
11:45:18: Info: Freetype returned null for character 129 in font SdkTrays/Value
11:45:18: Info: Freetype returned null for character 130 in font SdkTrays/Value
11:45:18: Info: Freetype returned null for character 131 in font SdkTrays/Value
11:45:18: Info: Freetype returned null for character 132 in font SdkTrays/Value
11:45:18: Info: Freetype returned null for character 133 in font SdkTrays/Value
11:45:18: Info: Freetype returned null for character 134 in font SdkTrays/Value
11:45:18: Info: Freetype returned null for character 135 in font SdkTrays/Value
11:45:18: Info: Freetype returned null for character 136 in font SdkTrays/Value
11:45:18: Info: Freetype returned null for character 137 in font SdkTrays/Value
11:45:18: Info: Freetype returned null for character 138 in font SdkTrays/Value
11:45:18: Info: Freetype returned null for character 139 in font SdkTrays/Value
11:45:18: Info: Freetype returned null for character 140 in font SdkTrays/Value
11:45:18: Info: Freetype returned null for character 141 in font SdkTrays/Value
11:45:18: Info: Freetype returned null for character 142 in font SdkTrays/Value
11:45:18: Info: Freetype returned null for character 143 in font SdkTrays/Value
11:45:18: Info: Freetype returned null for character 144 in font SdkTrays/Value
11:45:18: Info: Freetype returned null for character 145 in font SdkTrays/Value
11:45:18: Info: Freetype returned null for character 146 in font SdkTrays/Value
11:45:18: Info: Freetype returned null for character 147 in font SdkTrays/Value
11:45:18: Info: Freetype returned null for character 148 in font SdkTrays/Value
11:45:18: Info: Freetype returned null for character 149 in font SdkTrays/Value
11:45:18: Info: Freetype returned null for character 150 in font SdkTrays/Value
11:45:18: Info: Freetype returned null for character 151 in font SdkTrays/Value
11:45:18: Info: Freetype returned null for character 152 in font SdkTrays/Value
11:45:18: Info: Freetype returned null for character 153 in font SdkTrays/Value
11:45:18: Info: Freetype returned null for character 154 in font SdkTrays/Value
11:45:18: Info: Freetype returned null for character 155 in font SdkTrays/Value
11:45:18: Info: Freetype returned null for character 156 in font SdkTrays/Value
11:45:18: Info: Freetype returned null for character 157 in font SdkTrays/Value
11:45:18: Info: Freetype returned null for character 158 in font SdkTrays/Value
11:45:18: Info: Freetype returned null for character 159 in font SdkTrays/Value
11:45:18: Info: Freetype returned null for character 160 in font SdkTrays/Value
11:45:18: Texture: SdkTrays/ValueTexture: Loading 1 faces(PF_BYTE_LA,512x256x1) Internal format is PF_BYTE_LA,512x256x1.
11:45:18: GLSL compiling: RTTCaveWallVertexProgramGLSL
11:45:18: GLSL compiled: 
11:45:18: GLSL compiling: RTTCaveWallFragmentProgramGLSL
11:45:18: GLSL compiled: 
11:45:18: Vertex Program:RTTCaveWallVertexProgramGLSL Fragment Program:RTTCaveWallFragmentProgramGLSL GLSL link result : 
11:45:21: Texture: yellow.jpg: Loading 1 faces(PF_R8G8B8,39x39x1) with 3 hardware generated mipmaps from Image. Internal format is PF_X8R8G8B8,39x39x1.
11:45:28: Unregistering ResourceManager for type Font
11:45:28: DefaultWorkQueue('Root') shutting down on thread 1010.
11:45:28: DefaultWorkQueue('Root')::WorkerFunc - thread 1984 stopped.
11:45:28: DefaultWorkQueue('Root')::WorkerFunc - thread 1b18 stopped.
11:45:28: DefaultWorkQueue('Root')::WorkerFunc - thread 124c stopped.
11:45:28: DefaultWorkQueue('Root')::WorkerFunc - thread ac0 stopped.
11:45:28: DefaultWorkQueue('Root')::WorkerFunc - thread 1594 stopped.
11:45:28: DefaultWorkQueue('Root')::WorkerFunc - thread 704 stopped.
11:45:28: DefaultWorkQueue('Root')::WorkerFunc - thread 2a8 stopped.
11:45:28: DefaultWorkQueue('Root')::WorkerFunc - thread fc stopped.
11:45:28: PCZone Factory Type 'ZoneType_Octree' unregistered
11:45:28: Unregistering ResourceManager for type BspLevel
11:45:28: *-*-* OGRE Shutdown
11:45:28: Unregistering ResourceManager for type Compositor
11:45:28: Unregistering ResourceManager for type Skeleton
11:45:28: Unregistering ResourceManager for type Mesh
11:45:28: Unregistering ResourceManager for type HighLevelGpuProgram
11:45:28: Uninstalling plugin: Octree Scene Manager
11:45:28: Plugin successfully uninstalled
11:45:28: Unloading library .\Plugin_OctreeSceneManager_d
11:45:28: Uninstalling plugin: Octree Zone Factory
11:45:28: Plugin successfully uninstalled
11:45:28: Unloading library .\Plugin_OctreeZone_d
11:45:28: Uninstalling plugin: Portal Connected Zone Scene Manager
11:45:28: Plugin successfully uninstalled
11:45:28: Unloading library .\Plugin_PCZSceneManager_d
11:45:28: Uninstalling plugin: Cg Program Manager
11:45:28: Plugin successfully uninstalled
11:45:28: Unloading library .\Plugin_CgProgramManager_d
11:45:28: Uninstalling plugin: BSP Scene Manager
11:45:28: Plugin successfully uninstalled
11:45:28: Unloading library .\Plugin_BSPSceneManager_d
11:45:28: Uninstalling plugin: ParticleFX
11:45:28: Plugin successfully uninstalled
11:45:28: Unloading library .\Plugin_ParticleFX_d
11:45:28: Uninstalling plugin: GL RenderSystem
11:45:28: Unregistering ResourceManager for type GpuProgram
11:45:28: *** Stopping Win32GL Subsystem ***
11:45:28: Unregistering ResourceManager for type Texture
11:45:28: Plugin successfully uninstalled
11:45:28: Unloading library .\RenderSystem_GL_d
11:45:28: Unregistering ResourceManager for type Material
